#
# There is insufficient memory for the Java Runtime Environment to continue.
# Native memory allocation (malloc) failed to allocate 32744 bytes for ChunkPool::allocate
# Possible reasons:
#   The system is out of physical RAM or swap space
#   The process is running with CompressedOops enabled, and the Java Heap may be blocking the growth of the native heap
# Possible solutions:
#   Reduce memory load on the system
#   Increase physical memory or swap space
#   Check if swap backing store is full
#   Decrease Java heap size (-Xmx/-Xms)
#   Decrease number of Java threads
#   Decrease Java thread stack sizes (-Xss)
#   Set larger code cache with -XX:ReservedCodeCacheSize=
#   JVM is running with Zero Based Compressed Oops mode in which the Java heap is
#     placed in the first 32GB address space. The Java Heap base address is the
#     maximum limit for the native heap growth. Please use -XX:HeapBaseMinAddress
#     to set the Java Heap base and to place the Java Heap above 32GB virtual address.
# This output file may be truncated or incomplete.
#
#  Out of Memory Error (t:/workspace/hotspot/src/share/vm/memory/allocation.cpp:256), pid=24480, tid=18608
#
# JRE version: Java(TM) SE Runtime Environment (9.0+11) (build 9.0.4+11)
# Java VM: Java HotSpot(TM) 64-Bit Server VM (9.0.4+11, mixed mode, tiered, compressed oops, g1 gc, windows-amd64)
# No core dump will be written. Minidumps are not enabled by default on client versions of Windows
#

---------------  S U M M A R Y ------------

Command Line: -ea -Dfile.encoding=Cp1252 org.testng.remote.RemoteTestNG -serport 44167 -protocol json -d C:\Users\kam\eclipse-workspace-1\PageObject_DataDriven_BDD_Speach\test-output C:\Users\kam\AppData\Local\Temp\testng-eclipse-1903766468\testng-customsuite.xml

Host: Intel(R) Core(TM) i7-6700HQ CPU @ 2.60GHz, 8 cores, 15G,  Windows 10 , 64 bit Build 17134 (10.0.17134.1)
Time: Sun Oct 28 07:39:54 2018 Sri Lanka Standard Time elapsed time: 9 seconds (0d 0h 0m 9s)

---------------  T H R E A D  ---------------

Current thread (0x0000023a91063000):  JavaThread "C2 CompilerThread1" daemon [_thread_in_native, id=18608, stack(0x000000e284700000,0x000000e284800000)]


Current CompileTask:
C2:   9568 2173       4      
[error occurred during error reporting (printing current compile task), id 0xe0000001]

Stack: [0x000000e284700000,0x000000e284800000]
Native frames: (J=compiled Java code, j=interpreted, Vv=VM code, C=native code)
V  [jvm.dll+0x587068]

[error occurred during error reporting (printing native stack), id 0xe0000001]


---------------  P R O C E S S  ---------------

Java Threads: ( => current thread )
  0x0000023a92744000 JavaThread "Thread-1" daemon [_thread_blocked, id=6720, stack(0x000000e285400000,0x000000e285500000)]
  0x0000023a9445a800 JavaThread "Okio Watchdog" daemon [_thread_blocked, id=25260, stack(0x000000e285600000,0x000000e285700000)]
  0x0000023a93fb4000 JavaThread "OkHttp ConnectionPool" daemon [_thread_blocked, id=2956, stack(0x000000e285500000,0x000000e285600000)]
  0x0000023a93006800 JavaThread "Exec Stream Pumper" daemon [_thread_in_native, id=16832, stack(0x000000e285300000,0x000000e285400000)]
  0x0000023a9291b800 JavaThread "Exec Stream Pumper" daemon [_thread_in_native, id=22448, stack(0x000000e285200000,0x000000e285300000)]
  0x0000023a93cd1800 JavaThread "UrlChecker-2" daemon [_thread_blocked, id=16744, stack(0x000000e285100000,0x000000e285200000)]
  0x0000023a93222000 JavaThread "Exec Default Executor" daemon [_thread_in_native, id=22244, stack(0x000000e285000000,0x000000e285100000)]
  0x0000023a91cdc800 JavaThread "ReaderThread" [_thread_in_native, id=21836, stack(0x000000e284f00000,0x000000e285000000)]
  0x0000023a91206800 JavaThread "Service Thread" daemon [_thread_blocked, id=22116, stack(0x000000e284c00000,0x000000e284d00000)]
  0x0000023a9112e800 JavaThread "Common-Cleaner" daemon [_thread_blocked, id=26492, stack(0x000000e284b00000,0x000000e284c00000)]
  0x0000023a9107e800 JavaThread "Sweeper thread" daemon [_thread_blocked, id=27624, stack(0x000000e284a00000,0x000000e284b00000)]
  0x0000023a9105f800 JavaThread "C1 CompilerThread3" daemon [_thread_blocked, id=3412, stack(0x000000e284900000,0x000000e284a00000)]
  0x0000023a91060000 JavaThread "C2 CompilerThread2" daemon [_thread_in_native, id=14860, stack(0x000000e284800000,0x000000e284900000)]
=>0x0000023a91063000 JavaThread "C2 CompilerThread1" daemon [_thread_in_native, id=18608, stack(0x000000e284700000,0x000000e284800000)]
  0x0000023a9105c000 JavaThread "C2 CompilerThread0" daemon [_thread_in_native, id=21584, stack(0x000000e284600000,0x000000e284700000)]
  0x0000023a91057000 JavaThread "Attach Listener" daemon [_thread_blocked, id=18028, stack(0x000000e284500000,0x000000e284600000)]
  0x0000023a91056800 JavaThread "Signal Dispatcher" daemon [_thread_blocked, id=10876, stack(0x000000e284400000,0x000000e284500000)]
  0x0000023aff7de800 JavaThread "Finalizer" daemon [_thread_blocked, id=1944, stack(0x000000e284300000,0x000000e284400000)]
  0x0000023aff7d9800 JavaThread "Reference Handler" daemon [_thread_blocked, id=19972, stack(0x000000e284200000,0x000000e284300000)]
  0x0000023ae83fe000 JavaThread "main" [_thread_in_Java, id=21824, stack(0x000000e282c00000,0x000000e282d00000)]

Other Threads:
  0x0000023aff7d2000 VMThread "VM Thread" [stack: 0x000000e284100000,0x000000e284200000] [id=9304]
  0x0000023a91250800 WatcherThread [stack: 0x000000e284d00000,0x000000e284e00000] [id=11516]
  0x0000023ae8417800 GCTaskThread "GC Thread#0" [stack: 0x000000e282d00000,0x000000e282e00000] [id=16956]
  0x0000023ae8419000 GCTaskThread "GC Thread#1" [stack: 0x000000e282e00000,0x000000e282f00000] [id=26820]
  0x0000023ae841b800 GCTaskThread "GC Thread#2" [stack: 0x000000e282f00000,0x000000e283000000] [id=23980]
  0x0000023ae842d000 GCTaskThread "GC Thread#3" [stack: 0x000000e283000000,0x000000e283100000] [id=4836]
  0x0000023ae8426800 GCTaskThread "GC Thread#4" [stack: 0x000000e283100000,0x000000e283200000] [id=24284]
  0x0000023ae8427800 GCTaskThread "GC Thread#5" [stack: 0x000000e283200000,0x000000e283300000] [id=11328]
  0x0000023ae8428000 GCTaskThread "GC Thread#6" [stack: 0x000000e283300000,0x000000e283400000] [id=4360]
  0x0000023ae8426000 GCTaskThread "GC Thread#7" [stack: 0x000000e283400000,0x000000e283500000] [id=17252]
  0x0000023ae84ab000 ConcurrentGCThread "G1 Main Marker" [stack: 0x000000e283e00000,0x000000e283f00000] [id=25512]
  0x0000023ae8428800 ConcurrentGCThread "G1 Marker#0" [stack: 0x000000e283f00000,0x000000e284000000] [id=8756]
  0x0000023ae842a000 ConcurrentGCThread "G1 Marker#1" [stack: 0x000000e284000000,0x000000e284100000] [id=16580]
  0x0000023ae845c000 ConcurrentGCThread "G1 Refine#0" [stack: 0x000000e283c00000,0x000000e283d00000] [id=19980]
  0x0000023ae8457000 ConcurrentGCThread "G1 Refine#1" [stack: 0x000000e283b00000,0x000000e283c00000] [id=22500]
  0x0000023ae8446800 ConcurrentGCThread "G1 Refine#2" [stack: 0x000000e283a00000,0x000000e283b00000] [id=19772]
  0x0000023ae8442000 ConcurrentGCThread "G1 Refine#3" [stack: 0x000000e283900000,0x000000e283a00000] [id=4456]
  0x0000023ae843e000 ConcurrentGCThread "G1 Refine#4" [stack: 0x000000e283800000,0x000000e283900000] [id=21016]
  0x0000023ae843b000 ConcurrentGCThread "G1 Refine#5" [stack: 0x000000e283700000,0x000000e283800000] [id=25924]
  0x0000023ae843a000 ConcurrentGCThread "G1 Refine#6" [stack: 0x000000e283600000,0x000000e283700000] [id=22096]
  0x0000023ae8439800 ConcurrentGCThread "G1 Refine#7" [stack: 0x000000e283500000,0x000000e283600000] [id=21348]
  0x0000023ae8460000 ConcurrentGCThread "G1 Young RemSet Sampling" [stack: 0x000000e283d00000,0x000000e283e00000] [id=17176]

Threads with active compile tasks:
C2 CompilerThread22163       4       java.io.DataInputStream::readUTF (501 bytes)
C2 CompilerThread12173       4       java.io.FilterInputStream::read (8 bytes)
C2 CompilerThread02169   !   4       java.util.zip.InflaterInputStream::read (138 bytes)

VM state:not at safepoint (normal execution)

VM Mutex/Monitor currently owned by a thread: None

Heap address: 0x00000006c6600000, size: 3994 MB, Compressed Oops mode: Zero based, Oop shift amount: 3
Narrow klass base: 0x0000000000000000, Narrow klass shift: 3
Compressed class space size: 1073741824 Address: 0x00000007c0000000

Heap:
 garbage-first heap   total 256000K, used 46033K [0x00000006c6600000, 0x00000006c67007d0, 0x00000007c0000000)
  region size 1024K, 39 young (39936K), 5 survivors (5120K)
 Metaspace       used 25749K, capacity 26570K, committed 26672K, reserved 1073152K
  class space    used 3107K, capacity 3297K, committed 3376K, reserved 1048576K
Heap Regions: E=young(eden), S=young(survivor), O=old, HS=humongous(starts), HC=humongous(continues), CS=collection set, F=free, A=archive, TS=gc time stamp, AC=allocation context, TAMS=top-at-mark-start (previous, next)
|   0|0x00000006c6600000, 0x00000006c6700000, 0x00000006c6700000|100%| O|  |TS  0|AC  0|TAMS 0x00000006c6700000, 0x00000006c6700000|
|   1|0x00000006c6700000, 0x00000006c6800000, 0x00000006c6800000|100%| O|  |TS  0|AC  0|TAMS 0x00000006c6800000, 0x00000006c6800000|
|   2|0x00000006c6800000, 0x00000006c6800000, 0x00000006c6900000|  0%| F|  |TS  0|AC  0|TAMS 0x00000006c6800000, 0x00000006c6800000|
|   3|0x00000006c6900000, 0x00000006c6a00000, 0x00000006c6a00000|100%| O|  |TS  0|AC  0|TAMS 0x00000006c6a00000, 0x00000006c6a00000|
|   4|0x00000006c6a00000, 0x00000006c6b00000, 0x00000006c6b00000|100%| O|  |TS  0|AC  0|TAMS 0x00000006c6b00000, 0x00000006c6b00000|
|   5|0x00000006c6b00000, 0x00000006c6c00000, 0x00000006c6c00000|100%| O|  |TS  0|AC  0|TAMS 0x00000006c6c00000, 0x00000006c6c00000|
|   6|0x00000006c6c00000, 0x00000006c6cf4800, 0x00000006c6d00000| 95%| O|  |TS  0|AC  0|TAMS 0x00000006c6cf4800, 0x00000006c6cf4800|
|   7|0x00000006c6d00000, 0x00000006c6e00000, 0x00000006c6e00000|100%|HS|  |TS  0|AC  0|TAMS 0x00000006c6d00000, 0x00000006c6d00000|
|   8|0x00000006c6e00000, 0x00000006c6e00000, 0x00000006c6f00000|  0%| F|  |TS  0|AC  0|TAMS 0x00000006c6e00000, 0x00000006c6e00000|
|   9|0x00000006c6f00000, 0x00000006c6f00000, 0x00000006c7000000|  0%| F|  |TS  0|AC  0|TAMS 0x00000006c6f00000, 0x00000006c6f00000|
|  10|0x00000006c7000000, 0x00000006c7000000, 0x00000006c7100000|  0%| F|  |TS  0|AC  0|TAMS 0x00000006c7000000, 0x00000006c7000000|
|  11|0x00000006c7100000, 0x00000006c7100000, 0x00000006c7200000|  0%| F|  |TS  0|AC  0|TAMS 0x00000006c7100000, 0x00000006c7100000|
|  12|0x00000006c7200000, 0x00000006c7200000, 0x00000006c7300000|  0%| F|  |TS  0|AC  0|TAMS 0x00000006c7200000, 0x00000006c7200000|
|  13|0x00000006c7300000, 0x00000006c7300000, 0x00000006c7400000|  0%| F|  |TS  0|AC  0|TAMS 0x00000006c7300000, 0x00000006c7300000|
|  14|0x00000006c7400000, 0x00000006c7400000, 0x00000006c7500000|  0%| F|  |TS  0|AC  0|TAMS 0x00000006c7400000, 0x00000006c7400000|
|  15|0x00000006c7500000, 0x00000006c7500000, 0x00000006c7600000|  0%| F|  |TS  0|AC  0|TAMS 0x00000006c7500000, 0x00000006c7500000|
|  16|0x00000006c7600000, 0x00000006c7600000, 0x00000006c7700000|  0%| F|  |TS  0|AC  0|TAMS 0x00000006c7600000, 0x00000006c7600000|
|  17|0x00000006c7700000, 0x00000006c7700000, 0x00000006c7800000|  0%| F|  |TS  0|AC  0|TAMS 0x00000006c7700000, 0x00000006c7700000|
|  18|0x00000006c7800000, 0x00000006c7800000, 0x00000006c7900000|  0%| F|  |TS  0|AC  0|TAMS 0x00000006c7800000, 0x00000006c7800000|
|  19|0x00000006c7900000, 0x00000006c7900000, 0x00000006c7a00000|  0%| F|  |TS  0|AC  0|TAMS 0x00000006c7900000, 0x00000006c7900000|
|  20|0x00000006c7a00000, 0x00000006c7a00000, 0x00000006c7b00000|  0%| F|  |TS  0|AC  0|TAMS 0x00000006c7a00000, 0x00000006c7a00000|
|  21|0x00000006c7b00000, 0x00000006c7b00000, 0x00000006c7c00000|  0%| F|  |TS  0|AC  0|TAMS 0x00000006c7b00000, 0x00000006c7b00000|
|  22|0x00000006c7c00000, 0x00000006c7c00000, 0x00000006c7d00000|  0%| F|  |TS  0|AC  0|TAMS 0x00000006c7c00000, 0x00000006c7c00000|
|  23|0x00000006c7d00000, 0x00000006c7d00000, 0x00000006c7e00000|  0%| F|  |TS  0|AC  0|TAMS 0x00000006c7d00000, 0x00000006c7d00000|
|  24|0x00000006c7e00000, 0x00000006c7e00000, 0x00000006c7f00000|  0%| F|  |TS  0|AC  0|TAMS 0x00000006c7e00000, 0x00000006c7e00000|
|  25|0x00000006c7f00000, 0x00000006c7f00000, 0x00000006c8000000|  0%| F|  |TS  0|AC  0|TAMS 0x00000006c7f00000, 0x00000006c7f00000|
|  26|0x00000006c8000000, 0x00000006c8000000, 0x00000006c8100000|  0%| F|  |TS  0|AC  0|TAMS 0x00000006c8000000, 0x00000006c8000000|
|  27|0x00000006c8100000, 0x00000006c8100000, 0x00000006c8200000|  0%| F|  |TS  0|AC  0|TAMS 0x00000006c8100000, 0x00000006c8100000|
|  28|0x00000006c8200000, 0x00000006c8200000, 0x00000006c8300000|  0%| F|  |TS  0|AC  0|TAMS 0x00000006c8200000, 0x00000006c8200000|
|  29|0x00000006c8300000, 0x00000006c8300000, 0x00000006c8400000|  0%| F|  |TS  0|AC  0|TAMS 0x00000006c8300000, 0x00000006c8300000|
|  30|0x00000006c8400000, 0x00000006c8400000, 0x00000006c8500000|  0%| F|  |TS  0|AC  0|TAMS 0x00000006c8400000, 0x00000006c8400000|
|  31|0x00000006c8500000, 0x00000006c8500000, 0x00000006c8600000|  0%| F|  |TS  0|AC  0|TAMS 0x00000006c8500000, 0x00000006c8500000|
|  32|0x00000006c8600000, 0x00000006c8600000, 0x00000006c8700000|  0%| F|  |TS  0|AC  0|TAMS 0x00000006c8600000, 0x00000006c8600000|
|  33|0x00000006c8700000, 0x00000006c8700000, 0x00000006c8800000|  0%| F|  |TS  0|AC  0|TAMS 0x00000006c8700000, 0x00000006c8700000|
|  34|0x00000006c8800000, 0x00000006c8800000, 0x00000006c8900000|  0%| F|  |TS  0|AC  0|TAMS 0x00000006c8800000, 0x00000006c8800000|
|  35|0x00000006c8900000, 0x00000006c8900000, 0x00000006c8a00000|  0%| F|  |TS  0|AC  0|TAMS 0x00000006c8900000, 0x00000006c8900000|
|  36|0x00000006c8a00000, 0x00000006c8a00000, 0x00000006c8b00000|  0%| F|  |TS  0|AC  0|TAMS 0x00000006c8a00000, 0x00000006c8a00000|
|  37|0x00000006c8b00000, 0x00000006c8b00000, 0x00000006c8c00000|  0%| F|  |TS  0|AC  0|TAMS 0x00000006c8b00000, 0x00000006c8b00000|
|  38|0x00000006c8c00000, 0x00000006c8c00000, 0x00000006c8d00000|  0%| F|  |TS  0|AC  0|TAMS 0x00000006c8c00000, 0x00000006c8c00000|
|  39|0x00000006c8d00000, 0x00000006c8d00000, 0x00000006c8e00000|  0%| F|  |TS  0|AC  0|TAMS 0x00000006c8d00000, 0x00000006c8d00000|
|  40|0x00000006c8e00000, 0x00000006c8e00000, 0x00000006c8f00000|  0%| F|  |TS  0|AC  0|TAMS 0x00000006c8e00000, 0x00000006c8e00000|
|  41|0x00000006c8f00000, 0x00000006c8f00000, 0x00000006c9000000|  0%| F|  |TS  0|AC  0|TAMS 0x00000006c8f00000, 0x00000006c8f00000|
|  42|0x00000006c9000000, 0x00000006c9000000, 0x00000006c9100000|  0%| F|  |TS  0|AC  0|TAMS 0x00000006c9000000, 0x00000006c9000000|
|  43|0x00000006c9100000, 0x00000006c9100000, 0x00000006c9200000|  0%| F|  |TS  0|AC  0|TAMS 0x00000006c9100000, 0x00000006c9100000|
|  44|0x00000006c9200000, 0x00000006c9200000, 0x00000006c9300000|  0%| F|  |TS  0|AC  0|TAMS 0x00000006c9200000, 0x00000006c9200000|
|  45|0x00000006c9300000, 0x00000006c9300000, 0x00000006c9400000|  0%| F|  |TS  0|AC  0|TAMS 0x00000006c9300000, 0x00000006c9300000|
|  46|0x00000006c9400000, 0x00000006c9400000, 0x00000006c9500000|  0%| F|  |TS  0|AC  0|TAMS 0x00000006c9400000, 0x00000006c9400000|
|  47|0x00000006c9500000, 0x00000006c9500000, 0x00000006c9600000|  0%| F|  |TS  0|AC  0|TAMS 0x00000006c9500000, 0x00000006c9500000|
|  48|0x00000006c9600000, 0x00000006c9600000, 0x00000006c9700000|  0%| F|  |TS  0|AC  0|TAMS 0x00000006c9600000, 0x00000006c9600000|
|  49|0x00000006c9700000, 0x00000006c9700000, 0x00000006c9800000|  0%| F|  |TS  0|AC  0|TAMS 0x00000006c9700000, 0x00000006c9700000|
|  50|0x00000006c9800000, 0x00000006c9800000, 0x00000006c9900000|  0%| F|  |TS  0|AC  0|TAMS 0x00000006c9800000, 0x00000006c9800000|
|  51|0x00000006c9900000, 0x00000006c9900000, 0x00000006c9a00000|  0%| F|  |TS  0|AC  0|TAMS 0x00000006c9900000, 0x00000006c9900000|
|  52|0x00000006c9a00000, 0x00000006c9a00000, 0x00000006c9b00000|  0%| F|  |TS  0|AC  0|TAMS 0x00000006c9a00000, 0x00000006c9a00000|
|  53|0x00000006c9b00000, 0x00000006c9b00000, 0x00000006c9c00000|  0%| F|  |TS  0|AC  0|TAMS 0x00000006c9b00000, 0x00000006c9b00000|
|  54|0x00000006c9c00000, 0x00000006c9c00000, 0x00000006c9d00000|  0%| F|  |TS  0|AC  0|TAMS 0x00000006c9c00000, 0x00000006c9c00000|
|  55|0x00000006c9d00000, 0x00000006c9d00000, 0x00000006c9e00000|  0%| F|  |TS  0|AC  0|TAMS 0x00000006c9d00000, 0x00000006c9d00000|
|  56|0x00000006c9e00000, 0x00000006c9e00000, 0x00000006c9f00000|  0%| F|  |TS  0|AC  0|TAMS 0x00000006c9e00000, 0x00000006c9e00000|
|  57|0x00000006c9f00000, 0x00000006c9f00000, 0x00000006ca000000|  0%| F|  |TS  0|AC  0|TAMS 0x00000006c9f00000, 0x00000006c9f00000|
|  58|0x00000006ca000000, 0x00000006ca000000, 0x00000006ca100000|  0%| F|  |TS  0|AC  0|TAMS 0x00000006ca000000, 0x00000006ca000000|
|  59|0x00000006ca100000, 0x00000006ca100000, 0x00000006ca200000|  0%| F|  |TS  0|AC  0|TAMS 0x00000006ca100000, 0x00000006ca100000|
|  60|0x00000006ca200000, 0x00000006ca200000, 0x00000006ca300000|  0%| F|  |TS  0|AC  0|TAMS 0x00000006ca200000, 0x00000006ca200000|
|  61|0x00000006ca300000, 0x00000006ca300000, 0x00000006ca400000|  0%| F|  |TS  0|AC  0|TAMS 0x00000006ca300000, 0x00000006ca300000|
|  62|0x00000006ca400000, 0x00000006ca400000, 0x00000006ca500000|  0%| F|  |TS  0|AC  0|TAMS 0x00000006ca400000, 0x00000006ca400000|
|  63|0x00000006ca500000, 0x00000006ca500000, 0x00000006ca600000|  0%| F|  |TS  0|AC  0|TAMS 0x00000006ca500000, 0x00000006ca500000|
|  64|0x00000006ca600000, 0x00000006ca600000, 0x00000006ca700000|  0%| F|  |TS  0|AC  0|TAMS 0x00000006ca600000, 0x00000006ca600000|
|  65|0x00000006ca700000, 0x00000006ca700000, 0x00000006ca800000|  0%| F|  |TS  0|AC  0|TAMS 0x00000006ca700000, 0x00000006ca700000|
|  66|0x00000006ca800000, 0x00000006ca800000, 0x00000006ca900000|  0%| F|  |TS  0|AC  0|TAMS 0x00000006ca800000, 0x00000006ca800000|
|  67|0x00000006ca900000, 0x00000006ca900000, 0x00000006caa00000|  0%| F|  |TS  0|AC  0|TAMS 0x00000006ca900000, 0x00000006ca900000|
|  68|0x00000006caa00000, 0x00000006caa00000, 0x00000006cab00000|  0%| F|  |TS  0|AC  0|TAMS 0x00000006caa00000, 0x00000006caa00000|
|  69|0x00000006cab00000, 0x00000006cab00000, 0x00000006cac00000|  0%| F|  |TS  0|AC  0|TAMS 0x00000006cab00000, 0x00000006cab00000|
|  70|0x00000006cac00000, 0x00000006cac00000, 0x00000006cad00000|  0%| F|  |TS  0|AC  0|TAMS 0x00000006cac00000, 0x00000006cac00000|
|  71|0x00000006cad00000, 0x00000006cad00000, 0x00000006cae00000|  0%| F|  |TS  0|AC  0|TAMS 0x00000006cad00000, 0x00000006cad00000|
|  72|0x00000006cae00000, 0x00000006cae00000, 0x00000006caf00000|  0%| F|  |TS  0|AC  0|TAMS 0x00000006cae00000, 0x00000006cae00000|
|  73|0x00000006caf00000, 0x00000006caf00000, 0x00000006cb000000|  0%| F|  |TS  0|AC  0|TAMS 0x00000006caf00000, 0x00000006caf00000|
|  74|0x00000006cb000000, 0x00000006cb000000, 0x00000006cb100000|  0%| F|  |TS  0|AC  0|TAMS 0x00000006cb000000, 0x00000006cb000000|
|  75|0x00000006cb100000, 0x00000006cb100000, 0x00000006cb200000|  0%| F|  |TS  0|AC  0|TAMS 0x00000006cb100000, 0x00000006cb100000|
|  76|0x00000006cb200000, 0x00000006cb200000, 0x00000006cb300000|  0%| F|  |TS  0|AC  0|TAMS 0x00000006cb200000, 0x00000006cb200000|
|  77|0x00000006cb300000, 0x00000006cb300000, 0x00000006cb400000|  0%| F|  |TS  0|AC  0|TAMS 0x00000006cb300000, 0x00000006cb300000|
|  78|0x00000006cb400000, 0x00000006cb400000, 0x00000006cb500000|  0%| F|  |TS  0|AC  0|TAMS 0x00000006cb400000, 0x00000006cb400000|
|  79|0x00000006cb500000, 0x00000006cb500000, 0x00000006cb600000|  0%| F|  |TS  0|AC  0|TAMS 0x00000006cb500000, 0x00000006cb500000|
|  80|0x00000006cb600000, 0x00000006cb600000, 0x00000006cb700000|  0%| F|  |TS  0|AC  0|TAMS 0x00000006cb600000, 0x00000006cb600000|
|  81|0x00000006cb700000, 0x00000006cb700000, 0x00000006cb800000|  0%| F|  |TS  0|AC  0|TAMS 0x00000006cb700000, 0x00000006cb700000|
|  82|0x00000006cb800000, 0x00000006cb800000, 0x00000006cb900000|  0%| F|  |TS  0|AC  0|TAMS 0x00000006cb800000, 0x00000006cb800000|
|  83|0x00000006cb900000, 0x00000006cb900000, 0x00000006cba00000|  0%| F|  |TS  0|AC  0|TAMS 0x00000006cb900000, 0x00000006cb900000|
|  84|0x00000006cba00000, 0x00000006cba00000, 0x00000006cbb00000|  0%| F|  |TS  0|AC  0|TAMS 0x00000006cba00000, 0x00000006cba00000|
|  85|0x00000006cbb00000, 0x00000006cbb00000, 0x00000006cbc00000|  0%| F|  |TS  0|AC  0|TAMS 0x00000006cbb00000, 0x00000006cbb00000|
|  86|0x00000006cbc00000, 0x00000006cbc00000, 0x00000006cbd00000|  0%| F|  |TS  0|AC  0|TAMS 0x00000006cbc00000, 0x00000006cbc00000|
|  87|0x00000006cbd00000, 0x00000006cbd00000, 0x00000006cbe00000|  0%| F|  |TS  0|AC  0|TAMS 0x00000006cbd00000, 0x00000006cbd00000|
|  88|0x00000006cbe00000, 0x00000006cbe00000, 0x00000006cbf00000|  0%| F|  |TS  0|AC  0|TAMS 0x00000006cbe00000, 0x00000006cbe00000|
|  89|0x00000006cbf00000, 0x00000006cbf00000, 0x00000006cc000000|  0%| F|  |TS  0|AC  0|TAMS 0x00000006cbf00000, 0x00000006cbf00000|
|  90|0x00000006cc000000, 0x00000006cc000000, 0x00000006cc100000|  0%| F|  |TS  0|AC  0|TAMS 0x00000006cc000000, 0x00000006cc000000|
|  91|0x00000006cc100000, 0x00000006cc100000, 0x00000006cc200000|  0%| F|  |TS  0|AC  0|TAMS 0x00000006cc100000, 0x00000006cc100000|
|  92|0x00000006cc200000, 0x00000006cc200000, 0x00000006cc300000|  0%| F|  |TS  0|AC  0|TAMS 0x00000006cc200000, 0x00000006cc200000|
|  93|0x00000006cc300000, 0x00000006cc300000, 0x00000006cc400000|  0%| F|  |TS  0|AC  0|TAMS 0x00000006cc300000, 0x00000006cc300000|
|  94|0x00000006cc400000, 0x00000006cc400000, 0x00000006cc500000|  0%| F|  |TS  0|AC  0|TAMS 0x00000006cc400000, 0x00000006cc400000|
|  95|0x00000006cc500000, 0x00000006cc500000, 0x00000006cc600000|  0%| F|  |TS  0|AC  0|TAMS 0x00000006cc500000, 0x00000006cc500000|
|  96|0x00000006cc600000, 0x00000006cc600000, 0x00000006cc700000|  0%| F|  |TS  0|AC  0|TAMS 0x00000006cc600000, 0x00000006cc600000|
|  97|0x00000006cc700000, 0x00000006cc700000, 0x00000006cc800000|  0%| F|  |TS  0|AC  0|TAMS 0x00000006cc700000, 0x00000006cc700000|
|  98|0x00000006cc800000, 0x00000006cc800000, 0x00000006cc900000|  0%| F|  |TS  0|AC  0|TAMS 0x00000006cc800000, 0x00000006cc800000|
|  99|0x00000006cc900000, 0x00000006cc900000, 0x00000006cca00000|  0%| F|  |TS  0|AC  0|TAMS 0x00000006cc900000, 0x00000006cc900000|
| 100|0x00000006cca00000, 0x00000006cca00000, 0x00000006ccb00000|  0%| F|  |TS  0|AC  0|TAMS 0x00000006cca00000, 0x00000006cca00000|
| 101|0x00000006ccb00000, 0x00000006ccb00000, 0x00000006ccc00000|  0%| F|  |TS  0|AC  0|TAMS 0x00000006ccb00000, 0x00000006ccb00000|
| 102|0x00000006ccc00000, 0x00000006ccc00000, 0x00000006ccd00000|  0%| F|  |TS  0|AC  0|TAMS 0x00000006ccc00000, 0x00000006ccc00000|
| 103|0x00000006ccd00000, 0x00000006ccd00000, 0x00000006cce00000|  0%| F|  |TS  0|AC  0|TAMS 0x00000006ccd00000, 0x00000006ccd00000|
| 104|0x00000006cce00000, 0x00000006cce00000, 0x00000006ccf00000|  0%| F|  |TS  0|AC  0|TAMS 0x00000006cce00000, 0x00000006cce00000|
| 105|0x00000006ccf00000, 0x00000006ccf00000, 0x00000006cd000000|  0%| F|  |TS  0|AC  0|TAMS 0x00000006ccf00000, 0x00000006ccf00000|
| 106|0x00000006cd000000, 0x00000006cd000000, 0x00000006cd100000|  0%| F|  |TS  0|AC  0|TAMS 0x00000006cd000000, 0x00000006cd000000|
| 107|0x00000006cd100000, 0x00000006cd100000, 0x00000006cd200000|  0%| F|  |TS  0|AC  0|TAMS 0x00000006cd100000, 0x00000006cd100000|
| 108|0x00000006cd200000, 0x00000006cd200000, 0x00000006cd300000|  0%| F|  |TS  0|AC  0|TAMS 0x00000006cd200000, 0x00000006cd200000|
| 109|0x00000006cd300000, 0x00000006cd300000, 0x00000006cd400000|  0%| F|  |TS  0|AC  0|TAMS 0x00000006cd300000, 0x00000006cd300000|
| 110|0x00000006cd400000, 0x00000006cd400000, 0x00000006cd500000|  0%| F|  |TS  0|AC  0|TAMS 0x00000006cd400000, 0x00000006cd400000|
| 111|0x00000006cd500000, 0x00000006cd500000, 0x00000006cd600000|  0%| F|  |TS  0|AC  0|TAMS 0x00000006cd500000, 0x00000006cd500000|
| 112|0x00000006cd600000, 0x00000006cd600000, 0x00000006cd700000|  0%| F|  |TS  0|AC  0|TAMS 0x00000006cd600000, 0x00000006cd600000|
| 113|0x00000006cd700000, 0x00000006cd700000, 0x00000006cd800000|  0%| F|  |TS  0|AC  0|TAMS 0x00000006cd700000, 0x00000006cd700000|
| 114|0x00000006cd800000, 0x00000006cd800000, 0x00000006cd900000|  0%| F|  |TS  0|AC  0|TAMS 0x00000006cd800000, 0x00000006cd800000|
| 115|0x00000006cd900000, 0x00000006cd900000, 0x00000006cda00000|  0%| F|  |TS  0|AC  0|TAMS 0x00000006cd900000, 0x00000006cd900000|
| 116|0x00000006cda00000, 0x00000006cda00000, 0x00000006cdb00000|  0%| F|  |TS  0|AC  0|TAMS 0x00000006cda00000, 0x00000006cda00000|
| 117|0x00000006cdb00000, 0x00000006cdb00000, 0x00000006cdc00000|  0%| F|  |TS  0|AC  0|TAMS 0x00000006cdb00000, 0x00000006cdb00000|
| 118|0x00000006cdc00000, 0x00000006cdc00000, 0x00000006cdd00000|  0%| F|  |TS  0|AC  0|TAMS 0x00000006cdc00000, 0x00000006cdc00000|
| 119|0x00000006cdd00000, 0x00000006cdd00000, 0x00000006cde00000|  0%| F|  |TS  0|AC  0|TAMS 0x00000006cdd00000, 0x00000006cdd00000|
| 120|0x00000006cde00000, 0x00000006cde00000, 0x00000006cdf00000|  0%| F|  |TS  0|AC  0|TAMS 0x00000006cde00000, 0x00000006cde00000|
| 121|0x00000006cdf00000, 0x00000006cdf00000, 0x00000006ce000000|  0%| F|  |TS  0|AC  0|TAMS 0x00000006cdf00000, 0x00000006cdf00000|
| 122|0x00000006ce000000, 0x00000006ce000000, 0x00000006ce100000|  0%| F|  |TS  0|AC  0|TAMS 0x00000006ce000000, 0x00000006ce000000|
| 123|0x00000006ce100000, 0x00000006ce100000, 0x00000006ce200000|  0%| F|  |TS  0|AC  0|TAMS 0x00000006ce100000, 0x00000006ce100000|
| 124|0x00000006ce200000, 0x00000006ce200000, 0x00000006ce300000|  0%| F|  |TS  0|AC  0|TAMS 0x00000006ce200000, 0x00000006ce200000|
| 125|0x00000006ce300000, 0x00000006ce300000, 0x00000006ce400000|  0%| F|  |TS  0|AC  0|TAMS 0x00000006ce300000, 0x00000006ce300000|
| 126|0x00000006ce400000, 0x00000006ce400000, 0x00000006ce500000|  0%| F|  |TS  0|AC  0|TAMS 0x00000006ce400000, 0x00000006ce400000|
| 127|0x00000006ce500000, 0x00000006ce500000, 0x00000006ce600000|  0%| F|  |TS  0|AC  0|TAMS 0x00000006ce500000, 0x00000006ce500000|
| 128|0x00000006ce600000, 0x00000006ce600000, 0x00000006ce700000|  0%| F|  |TS  0|AC  0|TAMS 0x00000006ce600000, 0x00000006ce600000|
| 129|0x00000006ce700000, 0x00000006ce700000, 0x00000006ce800000|  0%| F|  |TS  0|AC  0|TAMS 0x00000006ce700000, 0x00000006ce700000|
| 130|0x00000006ce800000, 0x00000006ce800000, 0x00000006ce900000|  0%| F|  |TS  0|AC  0|TAMS 0x00000006ce800000, 0x00000006ce800000|
| 131|0x00000006ce900000, 0x00000006ce900000, 0x00000006cea00000|  0%| F|  |TS  0|AC  0|TAMS 0x00000006ce900000, 0x00000006ce900000|
| 132|0x00000006cea00000, 0x00000006cea00000, 0x00000006ceb00000|  0%| F|  |TS  0|AC  0|TAMS 0x00000006cea00000, 0x00000006cea00000|
| 133|0x00000006ceb00000, 0x00000006ceb00000, 0x00000006cec00000|  0%| F|  |TS  0|AC  0|TAMS 0x00000006ceb00000, 0x00000006ceb00000|
| 134|0x00000006cec00000, 0x00000006cec00000, 0x00000006ced00000|  0%| F|  |TS  0|AC  0|TAMS 0x00000006cec00000, 0x00000006cec00000|
| 135|0x00000006ced00000, 0x00000006ced00000, 0x00000006cee00000|  0%| F|  |TS  0|AC  0|TAMS 0x00000006ced00000, 0x00000006ced00000|
| 136|0x00000006cee00000, 0x00000006cee00000, 0x00000006cef00000|  0%| F|  |TS  0|AC  0|TAMS 0x00000006cee00000, 0x00000006cee00000|
| 137|0x00000006cef00000, 0x00000006cef00000, 0x00000006cf000000|  0%| F|  |TS  0|AC  0|TAMS 0x00000006cef00000, 0x00000006cef00000|
| 138|0x00000006cf000000, 0x00000006cf000000, 0x00000006cf100000|  0%| F|  |TS  0|AC  0|TAMS 0x00000006cf000000, 0x00000006cf000000|
| 139|0x00000006cf100000, 0x00000006cf100000, 0x00000006cf200000|  0%| F|  |TS  0|AC  0|TAMS 0x00000006cf100000, 0x00000006cf100000|
| 140|0x00000006cf200000, 0x00000006cf200000, 0x00000006cf300000|  0%| F|  |TS  0|AC  0|TAMS 0x00000006cf200000, 0x00000006cf200000|
| 141|0x00000006cf300000, 0x00000006cf300000, 0x00000006cf400000|  0%| F|  |TS  0|AC  0|TAMS 0x00000006cf300000, 0x00000006cf300000|
| 142|0x00000006cf400000, 0x00000006cf400000, 0x00000006cf500000|  0%| F|  |TS  0|AC  0|TAMS 0x00000006cf400000, 0x00000006cf400000|
| 143|0x00000006cf500000, 0x00000006cf500000, 0x00000006cf600000|  0%| F|  |TS  0|AC  0|TAMS 0x00000006cf500000, 0x00000006cf500000|
| 144|0x00000006cf600000, 0x00000006cf600000, 0x00000006cf700000|  0%| F|  |TS  0|AC  0|TAMS 0x00000006cf600000, 0x00000006cf600000|
| 145|0x00000006cf700000, 0x00000006cf700000, 0x00000006cf800000|  0%| F|  |TS  0|AC  0|TAMS 0x00000006cf700000, 0x00000006cf700000|
| 146|0x00000006cf800000, 0x00000006cf800000, 0x00000006cf900000|  0%| F|  |TS  0|AC  0|TAMS 0x00000006cf800000, 0x00000006cf800000|
| 147|0x00000006cf900000, 0x00000006cf900000, 0x00000006cfa00000|  0%| F|  |TS  0|AC  0|TAMS 0x00000006cf900000, 0x00000006cf900000|
| 148|0x00000006cfa00000, 0x00000006cfa00000, 0x00000006cfb00000|  0%| F|  |TS  0|AC  0|TAMS 0x00000006cfa00000, 0x00000006cfa00000|
| 149|0x00000006cfb00000, 0x00000006cfb00000, 0x00000006cfc00000|  0%| F|  |TS  0|AC  0|TAMS 0x00000006cfb00000, 0x00000006cfb00000|
| 150|0x00000006cfc00000, 0x00000006cfc00000, 0x00000006cfd00000|  0%| F|  |TS  0|AC  0|TAMS 0x00000006cfc00000, 0x00000006cfc00000|
| 151|0x00000006cfd00000, 0x00000006cfd00000, 0x00000006cfe00000|  0%| F|  |TS  0|AC  0|TAMS 0x00000006cfd00000, 0x00000006cfd00000|
| 152|0x00000006cfe00000, 0x00000006cfe00000, 0x00000006cff00000|  0%| F|  |TS  0|AC  0|TAMS 0x00000006cfe00000, 0x00000006cfe00000|
| 153|0x00000006cff00000, 0x00000006cff00000, 0x00000006d0000000|  0%| F|  |TS  0|AC  0|TAMS 0x00000006cff00000, 0x00000006cff00000|
| 154|0x00000006d0000000, 0x00000006d0000000, 0x00000006d0100000|  0%| F|  |TS  0|AC  0|TAMS 0x00000006d0000000, 0x00000006d0000000|
| 155|0x00000006d0100000, 0x00000006d0100000, 0x00000006d0200000|  0%| F|  |TS  0|AC  0|TAMS 0x00000006d0100000, 0x00000006d0100000|
| 156|0x00000006d0200000, 0x00000006d0200000, 0x00000006d0300000|  0%| F|  |TS  0|AC  0|TAMS 0x00000006d0200000, 0x00000006d0200000|
| 157|0x00000006d0300000, 0x00000006d0300000, 0x00000006d0400000|  0%| F|  |TS  0|AC  0|TAMS 0x00000006d0300000, 0x00000006d0300000|
| 158|0x00000006d0400000, 0x00000006d0400000, 0x00000006d0500000|  0%| F|  |TS  0|AC  0|TAMS 0x00000006d0400000, 0x00000006d0400000|
| 159|0x00000006d0500000, 0x00000006d0500000, 0x00000006d0600000|  0%| F|  |TS  0|AC  0|TAMS 0x00000006d0500000, 0x00000006d0500000|
| 160|0x00000006d0600000, 0x00000006d0600000, 0x00000006d0700000|  0%| F|  |TS  0|AC  0|TAMS 0x00000006d0600000, 0x00000006d0600000|
| 161|0x00000006d0700000, 0x00000006d0700000, 0x00000006d0800000|  0%| F|  |TS  0|AC  0|TAMS 0x00000006d0700000, 0x00000006d0700000|
| 162|0x00000006d0800000, 0x00000006d0800000, 0x00000006d0900000|  0%| F|  |TS  0|AC  0|TAMS 0x00000006d0800000, 0x00000006d0800000|
| 163|0x00000006d0900000, 0x00000006d0900000, 0x00000006d0a00000|  0%| F|  |TS  0|AC  0|TAMS 0x00000006d0900000, 0x00000006d0900000|
| 164|0x00000006d0a00000, 0x00000006d0a00000, 0x00000006d0b00000|  0%| F|  |TS  0|AC  0|TAMS 0x00000006d0a00000, 0x00000006d0a00000|
| 165|0x00000006d0b00000, 0x00000006d0b00000, 0x00000006d0c00000|  0%| F|  |TS  0|AC  0|TAMS 0x00000006d0b00000, 0x00000006d0b00000|
| 166|0x00000006d0c00000, 0x00000006d0c00000, 0x00000006d0d00000|  0%| F|  |TS  0|AC  0|TAMS 0x00000006d0c00000, 0x00000006d0c00000|
| 167|0x00000006d0d00000, 0x00000006d0d00000, 0x00000006d0e00000|  0%| F|  |TS  0|AC  0|TAMS 0x00000006d0d00000, 0x00000006d0d00000|
| 168|0x00000006d0e00000, 0x00000006d0e00000, 0x00000006d0f00000|  0%| F|  |TS  0|AC  0|TAMS 0x00000006d0e00000, 0x00000006d0e00000|
| 169|0x00000006d0f00000, 0x00000006d0f00000, 0x00000006d1000000|  0%| F|  |TS  0|AC  0|TAMS 0x00000006d0f00000, 0x00000006d0f00000|
| 170|0x00000006d1000000, 0x00000006d1000000, 0x00000006d1100000|  0%| F|  |TS  0|AC  0|TAMS 0x00000006d1000000, 0x00000006d1000000|
| 171|0x00000006d1100000, 0x00000006d1100000, 0x00000006d1200000|  0%| F|  |TS  0|AC  0|TAMS 0x00000006d1100000, 0x00000006d1100000|
| 172|0x00000006d1200000, 0x00000006d1200000, 0x00000006d1300000|  0%| F|  |TS  0|AC  0|TAMS 0x00000006d1200000, 0x00000006d1200000|
| 173|0x00000006d1300000, 0x00000006d1300000, 0x00000006d1400000|  0%| F|  |TS  0|AC  0|TAMS 0x00000006d1300000, 0x00000006d1300000|
| 174|0x00000006d1400000, 0x00000006d1400000, 0x00000006d1500000|  0%| F|  |TS  0|AC  0|TAMS 0x00000006d1400000, 0x00000006d1400000|
| 175|0x00000006d1500000, 0x00000006d1500000, 0x00000006d1600000|  0%| F|  |TS  0|AC  0|TAMS 0x00000006d1500000, 0x00000006d1500000|
| 176|0x00000006d1600000, 0x00000006d1600000, 0x00000006d1700000|  0%| F|  |TS  0|AC  0|TAMS 0x00000006d1600000, 0x00000006d1600000|
| 177|0x00000006d1700000, 0x00000006d1700000, 0x00000006d1800000|  0%| F|  |TS  0|AC  0|TAMS 0x00000006d1700000, 0x00000006d1700000|
| 178|0x00000006d1800000, 0x00000006d1800000, 0x00000006d1900000|  0%| F|  |TS  0|AC  0|TAMS 0x00000006d1800000, 0x00000006d1800000|
| 179|0x00000006d1900000, 0x00000006d1900000, 0x00000006d1a00000|  0%| F|  |TS  0|AC  0|TAMS 0x00000006d1900000, 0x00000006d1900000|
| 180|0x00000006d1a00000, 0x00000006d1a00000, 0x00000006d1b00000|  0%| F|  |TS  0|AC  0|TAMS 0x00000006d1a00000, 0x00000006d1a00000|
| 181|0x00000006d1b00000, 0x00000006d1b00000, 0x00000006d1c00000|  0%| F|  |TS  0|AC  0|TAMS 0x00000006d1b00000, 0x00000006d1b00000|
| 182|0x00000006d1c00000, 0x00000006d1c00000, 0x00000006d1d00000|  0%| F|  |TS  0|AC  0|TAMS 0x00000006d1c00000, 0x00000006d1c00000|
| 183|0x00000006d1d00000, 0x00000006d1d00000, 0x00000006d1e00000|  0%| F|  |TS  0|AC  0|TAMS 0x00000006d1d00000, 0x00000006d1d00000|
| 184|0x00000006d1e00000, 0x00000006d1e00000, 0x00000006d1f00000|  0%| F|  |TS  0|AC  0|TAMS 0x00000006d1e00000, 0x00000006d1e00000|
| 185|0x00000006d1f00000, 0x00000006d1f00000, 0x00000006d2000000|  0%| F|  |TS  0|AC  0|TAMS 0x00000006d1f00000, 0x00000006d1f00000|
| 186|0x00000006d2000000, 0x00000006d2000000, 0x00000006d2100000|  0%| F|  |TS  0|AC  0|TAMS 0x00000006d2000000, 0x00000006d2000000|
| 187|0x00000006d2100000, 0x00000006d2100000, 0x00000006d2200000|  0%| F|  |TS  0|AC  0|TAMS 0x00000006d2100000, 0x00000006d2100000|
| 188|0x00000006d2200000, 0x00000006d2200000, 0x00000006d2300000|  0%| F|  |TS  0|AC  0|TAMS 0x00000006d2200000, 0x00000006d2200000|
| 189|0x00000006d2300000, 0x00000006d2300000, 0x00000006d2400000|  0%| F|  |TS  0|AC  0|TAMS 0x00000006d2300000, 0x00000006d2300000|
| 190|0x00000006d2400000, 0x00000006d2400000, 0x00000006d2500000|  0%| F|  |TS  0|AC  0|TAMS 0x00000006d2400000, 0x00000006d2400000|
| 191|0x00000006d2500000, 0x00000006d2500000, 0x00000006d2600000|  0%| F|  |TS  0|AC  0|TAMS 0x00000006d2500000, 0x00000006d2500000|
| 192|0x00000006d2600000, 0x00000006d2600000, 0x00000006d2700000|  0%| F|  |TS  0|AC  0|TAMS 0x00000006d2600000, 0x00000006d2600000|
| 193|0x00000006d2700000, 0x00000006d2700000, 0x00000006d2800000|  0%| F|  |TS  0|AC  0|TAMS 0x00000006d2700000, 0x00000006d2700000|
| 194|0x00000006d2800000, 0x00000006d2800000, 0x00000006d2900000|  0%| F|  |TS  0|AC  0|TAMS 0x00000006d2800000, 0x00000006d2800000|
| 195|0x00000006d2900000, 0x00000006d2900000, 0x00000006d2a00000|  0%| F|  |TS  0|AC  0|TAMS 0x00000006d2900000, 0x00000006d2900000|
| 196|0x00000006d2a00000, 0x00000006d2a00000, 0x00000006d2b00000|  0%| F|  |TS  0|AC  0|TAMS 0x00000006d2a00000, 0x00000006d2a00000|
| 197|0x00000006d2b00000, 0x00000006d2b00000, 0x00000006d2c00000|  0%| F|  |TS  0|AC  0|TAMS 0x00000006d2b00000, 0x00000006d2b00000|
| 198|0x00000006d2c00000, 0x00000006d2c00000, 0x00000006d2d00000|  0%| F|  |TS  0|AC  0|TAMS 0x00000006d2c00000, 0x00000006d2c00000|
| 199|0x00000006d2d00000, 0x00000006d2d00000, 0x00000006d2e00000|  0%| F|  |TS  0|AC  0|TAMS 0x00000006d2d00000, 0x00000006d2d00000|
| 200|0x00000006d2e00000, 0x00000006d2e00000, 0x00000006d2f00000|  0%| F|  |TS  0|AC  0|TAMS 0x00000006d2e00000, 0x00000006d2e00000|
| 201|0x00000006d2f00000, 0x00000006d2f00000, 0x00000006d3000000|  0%| F|  |TS  0|AC  0|TAMS 0x00000006d2f00000, 0x00000006d2f00000|
| 202|0x00000006d3000000, 0x00000006d3000000, 0x00000006d3100000|  0%| F|  |TS  0|AC  0|TAMS 0x00000006d3000000, 0x00000006d3000000|
| 203|0x00000006d3100000, 0x00000006d3100000, 0x00000006d3200000|  0%| F|  |TS  0|AC  0|TAMS 0x00000006d3100000, 0x00000006d3100000|
| 204|0x00000006d3200000, 0x00000006d3200000, 0x00000006d3300000|  0%| F|  |TS  0|AC  0|TAMS 0x00000006d3200000, 0x00000006d3200000|
| 205|0x00000006d3300000, 0x00000006d3300000, 0x00000006d3400000|  0%| F|  |TS  0|AC  0|TAMS 0x00000006d3300000, 0x00000006d3300000|
| 206|0x00000006d3400000, 0x00000006d3400000, 0x00000006d3500000|  0%| F|  |TS  0|AC  0|TAMS 0x00000006d3400000, 0x00000006d3400000|
| 207|0x00000006d3500000, 0x00000006d3500000, 0x00000006d3600000|  0%| F|  |TS  0|AC  0|TAMS 0x00000006d3500000, 0x00000006d3500000|
| 208|0x00000006d3600000, 0x00000006d3600000, 0x00000006d3700000|  0%| F|  |TS  0|AC  0|TAMS 0x00000006d3600000, 0x00000006d3600000|
| 209|0x00000006d3700000, 0x00000006d3700000, 0x00000006d3800000|  0%| F|  |TS  0|AC  0|TAMS 0x00000006d3700000, 0x00000006d3700000|
| 210|0x00000006d3800000, 0x00000006d3800000, 0x00000006d3900000|  0%| F|  |TS  0|AC  0|TAMS 0x00000006d3800000, 0x00000006d3800000|
| 211|0x00000006d3900000, 0x00000006d3a00000, 0x00000006d3a00000|100%| E|  |TS  0|AC  0|TAMS 0x00000006d3900000, 0x00000006d3900000|
| 212|0x00000006d3a00000, 0x00000006d3b00000, 0x00000006d3b00000|100%| E|CS|TS  0|AC  0|TAMS 0x00000006d3a00000, 0x00000006d3a00000|
| 213|0x00000006d3b00000, 0x00000006d3c00000, 0x00000006d3c00000|100%| E|CS|TS  0|AC  0|TAMS 0x00000006d3b00000, 0x00000006d3b00000|
| 214|0x00000006d3c00000, 0x00000006d3d00000, 0x00000006d3d00000|100%| E|CS|TS  0|AC  0|TAMS 0x00000006d3c00000, 0x00000006d3c00000|
| 215|0x00000006d3d00000, 0x00000006d3e00000, 0x00000006d3e00000|100%| E|CS|TS  0|AC  0|TAMS 0x00000006d3d00000, 0x00000006d3d00000|
| 216|0x00000006d3e00000, 0x00000006d3f00000, 0x00000006d3f00000|100%| E|CS|TS  0|AC  0|TAMS 0x00000006d3e00000, 0x00000006d3e00000|
| 217|0x00000006d3f00000, 0x00000006d4000000, 0x00000006d4000000|100%| E|CS|TS  0|AC  0|TAMS 0x00000006d3f00000, 0x00000006d3f00000|
| 218|0x00000006d4000000, 0x00000006d40ffec8, 0x00000006d4100000| 99%| S|CS|TS  0|AC  0|TAMS 0x00000006d4000000, 0x00000006d4000000|
| 219|0x00000006d4100000, 0x00000006d4200000, 0x00000006d4200000|100%| S|CS|TS  0|AC  0|TAMS 0x00000006d4100000, 0x00000006d4100000|
| 220|0x00000006d4200000, 0x00000006d4300000, 0x00000006d4300000|100%| S|CS|TS  0|AC  0|TAMS 0x00000006d4200000, 0x00000006d4200000|
| 221|0x00000006d4300000, 0x00000006d4400000, 0x00000006d4400000|100%| S|CS|TS  0|AC  0|TAMS 0x00000006d4300000, 0x00000006d4300000|
| 222|0x00000006d4400000, 0x00000006d4500000, 0x00000006d4500000|100%| S|CS|TS  0|AC  0|TAMS 0x00000006d4400000, 0x00000006d4400000|
| 223|0x00000006d4500000, 0x00000006d4600000, 0x00000006d4600000|100%| E|CS|TS  0|AC  0|TAMS 0x00000006d4500000, 0x00000006d4500000|
| 224|0x00000006d4600000, 0x00000006d4700000, 0x00000006d4700000|100%| E|CS|TS  0|AC  0|TAMS 0x00000006d4600000, 0x00000006d4600000|
| 225|0x00000006d4700000, 0x00000006d4800000, 0x00000006d4800000|100%| E|CS|TS  0|AC  0|TAMS 0x00000006d4700000, 0x00000006d4700000|
| 226|0x00000006d4800000, 0x00000006d4900000, 0x00000006d4900000|100%| E|CS|TS  0|AC  0|TAMS 0x00000006d4800000, 0x00000006d4800000|
| 227|0x00000006d4900000, 0x00000006d4a00000, 0x00000006d4a00000|100%| E|CS|TS  0|AC  0|TAMS 0x00000006d4900000, 0x00000006d4900000|
| 228|0x00000006d4a00000, 0x00000006d4b00000, 0x00000006d4b00000|100%| E|CS|TS  0|AC  0|TAMS 0x00000006d4a00000, 0x00000006d4a00000|
| 229|0x00000006d4b00000, 0x00000006d4c00000, 0x00000006d4c00000|100%| E|CS|TS  0|AC  0|TAMS 0x00000006d4b00000, 0x00000006d4b00000|
| 230|0x00000006d4c00000, 0x00000006d4d00000, 0x00000006d4d00000|100%| E|CS|TS  0|AC  0|TAMS 0x00000006d4c00000, 0x00000006d4c00000|
| 231|0x00000006d4d00000, 0x00000006d4e00000, 0x00000006d4e00000|100%| E|CS|TS  0|AC  0|TAMS 0x00000006d4d00000, 0x00000006d4d00000|
| 232|0x00000006d4e00000, 0x00000006d4f00000, 0x00000006d4f00000|100%| E|CS|TS  0|AC  0|TAMS 0x00000006d4e00000, 0x00000006d4e00000|
| 233|0x00000006d4f00000, 0x00000006d5000000, 0x00000006d5000000|100%| E|CS|TS  0|AC  0|TAMS 0x00000006d4f00000, 0x00000006d4f00000|
| 234|0x00000006d5000000, 0x00000006d5100000, 0x00000006d5100000|100%| E|CS|TS  0|AC  0|TAMS 0x00000006d5000000, 0x00000006d5000000|
| 235|0x00000006d5100000, 0x00000006d5200000, 0x00000006d5200000|100%| E|CS|TS  0|AC  0|TAMS 0x00000006d5100000, 0x00000006d5100000|
| 236|0x00000006d5200000, 0x00000006d5300000, 0x00000006d5300000|100%| E|CS|TS  0|AC  0|TAMS 0x00000006d5200000, 0x00000006d5200000|
| 237|0x00000006d5300000, 0x00000006d5400000, 0x00000006d5400000|100%| E|CS|TS  0|AC  0|TAMS 0x00000006d5300000, 0x00000006d5300000|
| 238|0x00000006d5400000, 0x00000006d5500000, 0x00000006d5500000|100%| E|CS|TS  0|AC  0|TAMS 0x00000006d5400000, 0x00000006d5400000|
| 239|0x00000006d5500000, 0x00000006d5600000, 0x00000006d5600000|100%| E|CS|TS  0|AC  0|TAMS 0x00000006d5500000, 0x00000006d5500000|
| 240|0x00000006d5600000, 0x00000006d5700000, 0x00000006d5700000|100%| E|CS|TS  0|AC  0|TAMS 0x00000006d5600000, 0x00000006d5600000|
| 241|0x00000006d5700000, 0x00000006d5800000, 0x00000006d5800000|100%| E|CS|TS  0|AC  0|TAMS 0x00000006d5700000, 0x00000006d5700000|
| 242|0x00000006d5800000, 0x00000006d5900000, 0x00000006d5900000|100%| E|CS|TS  0|AC  0|TAMS 0x00000006d5800000, 0x00000006d5800000|
| 243|0x00000006d5900000, 0x00000006d5a00000, 0x00000006d5a00000|100%| E|CS|TS  0|AC  0|TAMS 0x00000006d5900000, 0x00000006d5900000|
| 244|0x00000006d5a00000, 0x00000006d5b00000, 0x00000006d5b00000|100%| E|CS|TS  0|AC  0|TAMS 0x00000006d5a00000, 0x00000006d5a00000|
| 245|0x00000006d5b00000, 0x00000006d5c00000, 0x00000006d5c00000|100%| E|CS|TS  0|AC  0|TAMS 0x00000006d5b00000, 0x00000006d5b00000|
| 246|0x00000006d5c00000, 0x00000006d5d00000, 0x00000006d5d00000|100%| E|CS|TS  0|AC  0|TAMS 0x00000006d5c00000, 0x00000006d5c00000|
| 247|0x00000006d5d00000, 0x00000006d5e00000, 0x00000006d5e00000|100%| E|CS|TS  0|AC  0|TAMS 0x00000006d5d00000, 0x00000006d5d00000|
| 248|0x00000006d5e00000, 0x00000006d5f00000, 0x00000006d5f00000|100%| E|CS|TS  0|AC  0|TAMS 0x00000006d5e00000, 0x00000006d5e00000|
| 249|0x00000006d5f00000, 0x00000006d6000000, 0x00000006d6000000|100%| E|CS|TS  0|AC  0|TAMS 0x00000006d5f00000, 0x00000006d5f00000|

Card table byte_map: [0x0000023af5ed0000,0x0000023af66a0000] byte_map_base: 0x0000023af289d000

Marking Bits (Prev, Next): (CMBitMap*) 0x0000023ae84aa348, (CMBitMap*) 0x0000023ae84aa310
 Prev Bits: [0x0000023aface0000, 0x0000023afeb48000)
 Next Bits: [0x0000023af6e70000, 0x0000023afacd8000)

Polling page: 0x0000023ae8600000

CodeHeap 'non-profiled nmethods': size=120000Kb used=1057Kb max_used=1057Kb free=118942Kb
 bounds [0x0000023a87ad0000, 0x0000023a87d40000, 0x0000023a8f000000]
CodeHeap 'profiled nmethods': size=120000Kb used=4625Kb max_used=4625Kb free=115374Kb
 bounds [0x0000023a805a0000, 0x0000023a80a30000, 0x0000023a87ad0000]
CodeHeap 'non-nmethods': size=5760Kb used=1301Kb max_used=1329Kb free=4458Kb
 bounds [0x0000023a80000000, 0x0000023a80270000, 0x0000023a805a0000]
 total_blobs=3180 nmethods=2168 adapters=402
 compilation: enabled

Compilation events (10 events):
Event: 9.554 Thread 0x0000023a9105c000 2169   !   4       java.util.zip.InflaterInputStream::read (138 bytes)
Event: 9.554 Thread 0x0000023a9105f800 nmethod 2168 0x0000023a80a22f10 code [0x0000023a80a23100, 0x0000023a80a23580]
Event: 9.554 Thread 0x0000023a91063000 nmethod 2167 0x0000023a87bd7a10 code [0x0000023a87bd7ba0, 0x0000023a87bd7c18]
Event: 9.555 Thread 0x0000023a91063000 2170       4       java.io.DataInputStream::readChar (40 bytes)
Event: 9.557 Thread 0x0000023a9105f800 2171       3       com.sun.speech.freetts.lexicon.LetterToSoundImpl$DecisionState::loadBinary (34 bytes)
Event: 9.557 Thread 0x0000023a9105f800 nmethod 2171 0x0000023a80a23710 code [0x0000023a80a23900, 0x0000023a80a23e40]
Event: 9.557 Thread 0x0000023a9105f800 2172       3       com.sun.speech.freetts.lexicon.LetterToSoundImpl$DecisionState::<init> (26 bytes)
Event: 9.557 Thread 0x0000023a9105f800 nmethod 2172 0x0000023a80a24010 code [0x0000023a80a241c0, 0x0000023a80a24378]
Event: 9.560 Thread 0x0000023a91063000 nmethod 2170 0x0000023a87bd7c90 code [0x0000023a87bd7e40, 0x0000023a87bd83d8]
Event: 9.560 Thread 0x0000023a91063000 2173       4       java.io.FilterInputStream::read (8 bytes)

GC Heap History (6 events):
Event: 1.034 GC heap before
{Heap before GC invocations=0 (full 0):
 garbage-first heap   total 256000K, used 24576K [0x00000006c6600000, 0x00000006c67007d0, 0x00000007c0000000)
  region size 1024K, 24 young (24576K), 0 survivors (0K)
 Metaspace       used 13623K, capacity 13958K, committed 14080K, reserved 1062912K
  class space    used 1408K, capacity 1471K, committed 1536K, reserved 1048576K
}
Event: 1.041 GC heap after
{Heap after GC invocations=1 (full 0):
 garbage-first heap   total 256000K, used 7059K [0x00000006c6600000, 0x00000006c67007d0, 0x00000007c0000000)
  region size 1024K, 3 young (3072K), 3 survivors (3072K)
 Metaspace       used 13623K, capacity 13958K, committed 14080K, reserved 1062912K
  class space    used 1408K, capacity 1471K, committed 1536K, reserved 1048576K
}
Event: 1.322 GC heap before
{Heap before GC invocations=1 (full 0):
 garbage-first heap   total 256000K, used 27539K [0x00000006c6600000, 0x00000006c67007d0, 0x00000007c0000000)
  region size 1024K, 23 young (23552K), 3 survivors (3072K)
 Metaspace       used 15580K, capacity 15974K, committed 16256K, reserved 1062912K
  class space    used 1802K, capacity 1861K, committed 1920K, reserved 1048576K
}
Event: 1.326 GC heap after
{Heap after GC invocations=2 (full 0):
 garbage-first heap   total 256000K, used 9243K [0x00000006c6600000, 0x00000006c67007d0, 0x00000007c0000000)
  region size 1024K, 3 young (3072K), 3 survivors (3072K)
 Metaspace       used 15580K, capacity 15974K, committed 16256K, reserved 1062912K
  class space    used 1802K, capacity 1861K, committed 1920K, reserved 1048576K
}
Event: 1.720 GC heap before
{Heap before GC invocations=2 (full 0):
 garbage-first heap   total 256000K, used 32795K [0x00000006c6600000, 0x00000006c67007d0, 0x00000007c0000000)
  region size 1024K, 27 young (27648K), 3 survivors (3072K)
 Metaspace       used 20569K, capacity 21118K, committed 21296K, reserved 1069056K
  class space    used 2427K, capacity 2563K, committed 2608K, reserved 1048576K
}
Event: 1.726 GC heap after
{Heap after GC invocations=3 (full 0):
 garbage-first heap   total 256000K, used 12241K [0x00000006c6600000, 0x00000006c67007d0, 0x00000007c0000000)
  region size 1024K, 5 young (5120K), 5 survivors (5120K)
 Metaspace       used 20569K, capacity 21118K, committed 21296K, reserved 1069056K
  class space    used 2427K, capacity 2563K, committed 2608K, reserved 1048576K
}

Deoptimization events (10 events):
Event: 2.366 Thread 0x0000023a93cd1800 Uncommon trap: reason=unstable_if action=reinterpret pc=0x0000023a87b91878 method=java.lang.CharacterDataLatin1.digit(II)I @ 82 c2
Event: 9.549 Thread 0x0000023ae83fe000 Uncommon trap: reason=unstable_if action=reinterpret pc=0x0000023a87bd6188 method=com.sun.speech.freetts.lexicon.LexiconImpl.loadBinaryLexicon(Ljava/io/InputStream;I)Ljava/util/Map; @ 129 c2
Event: 9.552 Thread 0x0000023ae83fe000 Uncommon trap: reason=class_check action=maybe_recompile pc=0x0000023a87bbfd50 method=java.io.DataInputStream.readUnsignedShort()I @ 4 c2
Event: 9.552 Thread 0x0000023ae83fe000 Uncommon trap: reason=class_check action=maybe_recompile pc=0x0000023a87bbfd50 method=java.io.DataInputStream.readUnsignedShort()I @ 4 c2
Event: 9.552 Thread 0x0000023ae83fe000 Uncommon trap: reason=class_check action=maybe_recompile pc=0x0000023a87bbfd50 method=java.io.DataInputStream.readUnsignedShort()I @ 4 c2
Event: 9.552 Thread 0x0000023ae83fe000 Uncommon trap: reason=class_check action=maybe_recompile pc=0x0000023a87bbfd50 method=java.io.DataInputStream.readUnsignedShort()I @ 4 c2
Event: 9.552 Thread 0x0000023ae83fe000 Uncommon trap: reason=bimorphic_or_optimized_type_check action=maybe_recompile pc=0x0000023a87bbac04 method=java.io.DataInputStream.readChar()C @ 4 c2
Event: 9.553 Thread 0x0000023ae83fe000 Uncommon trap: reason=bimorphic_or_optimized_type_check action=maybe_recompile pc=0x0000023a87bbac04 method=java.io.DataInputStream.readChar()C @ 4 c2
Event: 9.553 Thread 0x0000023ae83fe000 Uncommon trap: reason=bimorphic_or_optimized_type_check action=maybe_recompile pc=0x0000023a87bbac04 method=java.io.DataInputStream.readChar()C @ 4 c2
Event: 9.553 Thread 0x0000023ae83fe000 Uncommon trap: reason=bimorphic_or_optimized_type_check action=maybe_recompile pc=0x0000023a87bbac04 method=java.io.DataInputStream.readChar()C @ 4 c2

Classes redefined (0 events):
No events

Internal exceptions (10 events):
Event: 2.454 Thread 0x0000023ae83fe000 Exception <a 'java/lang/NoSuchMethodError'{0x00000006d5670810}: java.lang.invoke.DirectMethodHandle$Holder.invokeVirtual(Ljava/lang/Object;Ljava/lang/Object;Ljava/lang/Object;)Ljava/lang/Object;> (0x00000006d5670810) thrown at [t:/workspace/hotspot/src/sh
Event: 2.464 Thread 0x0000023ae83fe000 Exception <a 'java/lang/NoSuchMethodError'{0x00000006d5508508}: java.lang.invoke.DirectMethodHandle$Holder.invokeInterface(Ljava/lang/Object;Ljava/lang/Object;Ljava/lang/Object;)V> (0x00000006d5508508) thrown at [t:/workspace/hotspot/src/share/vm/interpre
Event: 2.478 Thread 0x0000023ae83fe000 Exception <a 'java/lang/NoSuchMethodError'{0x00000006d55d50a0}: java.lang.invoke.DirectMethodHandle$Holder.invokeStatic(Ljava/lang/Object;Ljava/lang/Object;Ljava/lang/Object;)V> (0x00000006d55d50a0) thrown at [t:/workspace/hotspot/src/share/vm/interpreter
Event: 2.514 Thread 0x0000023ae83fe000 Exception <a 'java/lang/NoSuchMethodError'{0x00000006d54de4b8}: java.lang.invoke.DirectMethodHandle$Holder.invokeStatic(Ljava/lang/Object;Ljava/lang/Object;Ljava/lang/Object;Ljava/lang/Object;Ljava/lang/Object;Ljava/lang/Object;)V> (0x00000006d54de4b8) th
Event: 2.523 Thread 0x0000023ae83fe000 Exception <a 'java/lang/NoSuchMethodError'{0x00000006d5301d40}: java.lang.invoke.DirectMethodHandle$Holder.invokeStatic(Ljava/lang/Object;Ljava/lang/Object;Ljava/lang/Object;Ljava/lang/Object;Ljava/lang/Object;)V> (0x00000006d5301d40) thrown at [t:/worksp
Event: 2.650 Thread 0x0000023ae83fe000 Exception <a 'java/lang/NoSuchMethodError'{0x00000006d4fe7730}: java.lang.invoke.DirectMethodHandle$Holder.invokeSpecial(Ljava/lang/Object;Ljava/lang/Object;Ljava/lang/Object;Ljava/lang/Object;)V> (0x00000006d4fe7730) thrown at [t:/workspace/hotspot/src/s
Event: 2.651 Thread 0x0000023ae83fe000 Exception <a 'java/lang/NoSuchMethodError'{0x00000006d4ff7488}: java.lang.invoke.DirectMethodHandle$Holder.invokeStatic(Ljava/lang/Object;Ljava/lang/Object;Ljava/lang/Object;Ljava/lang/Object;)V> (0x00000006d4ff7488) thrown at [t:/workspace/hotspot/src/sh
Event: 4.521 Thread 0x0000023ae83fe000 Exception <a 'java/lang/ClassNotFoundException'{0x00000006d4b9cd68}: sun/util/logging/resources/spi/loggingProvider> (0x00000006d4b9cd68) thrown at [t:/workspace/hotspot/src/share/vm/classfile/systemDictionary.cpp, line 218]
Event: 4.542 Thread 0x0000023ae83fe000 Exception <a 'java/net/SocketTimeoutException'{0x00000006d4a65270}: Read timed out> (0x00000006d4a65270) thrown at [t:/workspace/hotspot/src/share/vm/prims/jni.cpp, line 625]
Event: 4.623 Thread 0x0000023ae83fe000 Exception <a 'java/net/SocketTimeoutException'{0x00000006d4a90a50}: Read timed out> (0x00000006d4a90a50) thrown at [t:/workspace/hotspot/src/share/vm/prims/jni.cpp, line 625]

Events (10 events):
Event: 9.553 Thread 0x0000023ae83fe000 Uncommon trap: trap_request=0xffffffc6 fr.pc=0x0000023a87bbac04 relative=0x0000000000000884
Event: 9.553 Thread 0x0000023ae83fe000 DEOPT PACKING pc=0x0000023a87bbac04 sp=0x000000e282cfcb70
Event: 9.553 Thread 0x0000023ae83fe000 DEOPT UNPACKING pc=0x0000023a8004df29 sp=0x000000e282cfcb30 mode 2
Event: 9.553 Thread 0x0000023ae83fe000 Uncommon trap: trap_request=0xffffffc6 fr.pc=0x0000023a87bbac04 relative=0x0000000000000884
Event: 9.553 Thread 0x0000023ae83fe000 DEOPT PACKING pc=0x0000023a87bbac04 sp=0x000000e282cfcb70
Event: 9.553 Thread 0x0000023ae83fe000 DEOPT UNPACKING pc=0x0000023a8004df29 sp=0x000000e282cfcb30 mode 2
Event: 9.553 loading class com/sun/speech/freetts/lexicon/LetterToSoundImpl$DecisionState
Event: 9.553 loading class com/sun/speech/freetts/lexicon/LetterToSoundImpl$DecisionState done
Event: 9.554 loading class com/sun/speech/freetts/lexicon/LetterToSoundImpl$FinalState
Event: 9.554 loading class com/sun/speech/freetts/lexicon/LetterToSoundImpl$FinalState done


Dynamic libraries:
0x00007ff74e1f0000 - 0x00007ff74e22e000 	C:\Program Files\Java\jdk-9.0.4\bin\javaw.exe
0x00007ffbb08c0000 - 0x00007ffbb0aa1000 	C:\WINDOWS\SYSTEM32\ntdll.dll
0x00007ffbaff30000 - 0x00007ffbaffe2000 	C:\WINDOWS\System32\KERNEL32.DLL
0x00007ffbacfd0000 - 0x00007ffbad243000 	C:\WINDOWS\System32\KERNELBASE.dll
0x00007ffbb0060000 - 0x00007ffbb0101000 	C:\WINDOWS\System32\ADVAPI32.dll
0x00007ffbb07f0000 - 0x00007ffbb088e000 	C:\WINDOWS\System32\msvcrt.dll
0x00007ffbae8f0000 - 0x00007ffbae94b000 	C:\WINDOWS\System32\sechost.dll
0x00007ffbae7c0000 - 0x00007ffbae8e4000 	C:\WINDOWS\System32\RPCRT4.dll
0x00007ffbae4c0000 - 0x00007ffbae650000 	C:\WINDOWS\System32\USER32.dll
0x00007ffbad380000 - 0x00007ffbad3a0000 	C:\WINDOWS\System32\win32u.dll
0x00007ffbadfa0000 - 0x00007ffbadfc8000 	C:\WINDOWS\System32\GDI32.dll
0x00007ffbad3a0000 - 0x00007ffbad532000 	C:\WINDOWS\System32\gdi32full.dll
0x00007ffbacd40000 - 0x00007ffbacddf000 	C:\WINDOWS\System32\msvcp_win.dll
0x00007ffbadc50000 - 0x00007ffbadd4a000 	C:\WINDOWS\System32\ucrtbase.dll
0x00007ffb9e3e0000 - 0x00007ffb9e649000 	C:\WINDOWS\WinSxS\amd64_microsoft.windows.common-controls_6595b64144ccf1df_6.0.17134.345_none_fb429a5930656358\COMCTL32.dll
0x00007ffbadfd0000 - 0x00007ffbae2f3000 	C:\WINDOWS\System32\combase.dll
0x00007ffba27a0000 - 0x00007ffba27aa000 	C:\WINDOWS\SYSTEM32\VERSION.dll
0x00007ffbad250000 - 0x00007ffbad2ca000 	C:\WINDOWS\System32\bcryptPrimitives.dll
0x00007ffbae730000 - 0x00007ffbae75d000 	C:\WINDOWS\System32\IMM32.DLL
0x00007ffb70da0000 - 0x00007ffb70e8f000 	C:\Program Files\Java\jdk-9.0.4\bin\msvcr120.dll
0x00007ffb71980000 - 0x00007ffb71a26000 	C:\Program Files\Java\jdk-9.0.4\bin\msvcp120.dll
0x0000000070190000 - 0x0000000070bb5000 	C:\Program Files\Java\jdk-9.0.4\bin\server\jvm.dll
0x00007ffbb0050000 - 0x00007ffbb0058000 	C:\WINDOWS\System32\PSAPI.DLL
0x00007ffbab7e0000 - 0x00007ffbab7e9000 	C:\WINDOWS\SYSTEM32\WSOCK32.dll
0x00007ffba8620000 - 0x00007ffba8643000 	C:\WINDOWS\SYSTEM32\WINMM.dll
0x00007ffbae3f0000 - 0x00007ffbae45c000 	C:\WINDOWS\System32\WS2_32.dll
0x00007ffba85e0000 - 0x00007ffba860a000 	C:\WINDOWS\SYSTEM32\winmmbase.dll
0x00007ffbad330000 - 0x00007ffbad379000 	C:\WINDOWS\System32\cfgmgr32.dll
0x00007ffba8c90000 - 0x00007ffba8c9f000 	C:\Program Files\Java\jdk-9.0.4\bin\verify.dll
0x00007ffb9eb10000 - 0x00007ffb9eb37000 	C:\Program Files\Java\jdk-9.0.4\bin\java.dll
0x00007ffba5580000 - 0x00007ffba5596000 	C:\Program Files\Java\jdk-9.0.4\bin\zip.dll
0x00007ffba7b50000 - 0x00007ffba7b5a000 	C:\Program Files\Java\jdk-9.0.4\bin\jimage.dll
0x00007ffbaeaf0000 - 0x00007ffbaff2f000 	C:\WINDOWS\System32\SHELL32.dll
0x00007ffbadd50000 - 0x00007ffbaddf9000 	C:\WINDOWS\System32\shcore.dll
0x00007ffbad540000 - 0x00007ffbadc4d000 	C:\WINDOWS\System32\windows.storage.dll
0x00007ffbafff0000 - 0x00007ffbb0041000 	C:\WINDOWS\System32\shlwapi.dll
0x00007ffbacc70000 - 0x00007ffbacc81000 	C:\WINDOWS\System32\kernel.appcore.dll
0x00007ffbacc50000 - 0x00007ffbacc6f000 	C:\WINDOWS\System32\profapi.dll
0x00007ffbacc00000 - 0x00007ffbacc4c000 	C:\WINDOWS\System32\powrprof.dll
0x00007ffbacbf0000 - 0x00007ffbacbfa000 	C:\WINDOWS\System32\FLTLIB.DLL
0x00007ffb9eaf0000 - 0x00007ffb9eb0a000 	C:\Program Files\Java\jdk-9.0.4\bin\net.dll
0x00007ffb9fd40000 - 0x00007ffb9fe1c000 	C:\WINDOWS\SYSTEM32\WINHTTP.dll
0x00007ffbac450000 - 0x00007ffbac4b6000 	C:\WINDOWS\system32\mswsock.dll
0x00007ffb9eaa0000 - 0x00007ffb9eab1000 	C:\Program Files\Java\jdk-9.0.4\bin\nio.dll
0x00007ffbac210000 - 0x00007ffbac2ce000 	C:\WINDOWS\SYSTEM32\DNSAPI.dll
0x00007ffbb0390000 - 0x00007ffbb0398000 	C:\WINDOWS\System32\NSI.dll
0x00007ffbac1d0000 - 0x00007ffbac208000 	C:\WINDOWS\SYSTEM32\IPHLPAPI.DLL
0x00000000717c0000 - 0x00000000717e6000 	C:\Program Files\Bonjour\mdnsNSP.dll
0x00007ffb9fa70000 - 0x00007ffb9fa7a000 	C:\Windows\System32\rasadhlp.dll
0x00007ffba8110000 - 0x00007ffba8182000 	C:\WINDOWS\System32\fwpuclnt.dll
0x00007ffbac730000 - 0x00007ffbac755000 	C:\WINDOWS\SYSTEM32\bcrypt.dll
0x00007ffbac600000 - 0x00007ffbac617000 	C:\WINDOWS\SYSTEM32\CRYPTSP.dll
0x00007ffbac030000 - 0x00007ffbac063000 	C:\WINDOWS\system32\rsaenh.dll
0x00007ffbacb00000 - 0x00007ffbacb28000 	C:\WINDOWS\SYSTEM32\USERENV.dll
0x00007ffbac620000 - 0x00007ffbac62b000 	C:\WINDOWS\SYSTEM32\CRYPTBASE.dll
0x00007ffba7ad0000 - 0x00007ffba7ae6000 	C:\WINDOWS\SYSTEM32\dhcpcsvc6.DLL
0x00007ffba21d0000 - 0x00007ffba21ea000 	C:\WINDOWS\SYSTEM32\dhcpcsvc.DLL
0x00007ffba78e0000 - 0x00007ffba78eb000 	C:\Program Files\Java\jdk-9.0.4\bin\sunmscapi.dll
0x00007ffbacde0000 - 0x00007ffbacfc2000 	C:\WINDOWS\System32\CRYPT32.dll
0x00007ffbacbd0000 - 0x00007ffbacbe2000 	C:\WINDOWS\System32\MSASN1.dll
0x00007ffb9bbe0000 - 0x00007ffb9bc03000 	C:\Program Files\Java\jdk-9.0.4\bin\sunec.dll

VM Arguments:
jvm_args: -ea -Dfile.encoding=Cp1252 
java_command: org.testng.remote.RemoteTestNG -serport 44167 -protocol json -d C:\Users\kam\eclipse-workspace-1\PageObject_DataDriven_BDD_Speach\test-output C:\Users\kam\AppData\Local\Temp\testng-eclipse-1903766468\testng-customsuite.xml
java_class_path (initial): C:\Users\kam\eclipse\java-oxygen\eclipse\configuration\org.eclipse.osgi\550\0\.cp\lib\testng-remote.jar;C:\Users\kam\eclipse-workspace-1\PageObject_DataDriven_BDD_Speach\target\test-classes;C:\Users\kam\eclipse-workspace-1\PageObject_DataDriven_BDD_Speach\target\classes;C:\Users\kam\.p2\pool\plugins\org.testng_6.14.2.r201802161450.jar;C:\Users\kam\.p2\pool\plugins\com.beust.jcommander_1.72.0.jar;C:\Users\kam\.p2\pool\plugins\org.apache-extras.beanshell.bsh_2.0.0.b6.jar;C:\Users\kam\.p2\pool\plugins\org.yaml.snakeyaml_1.17.0.jar;C:\Users\kam\.m2\repository\org\seleniumhq\selenium\selenium-java\3.9.0\selenium-java-3.9.0.jar;C:\Users\kam\.m2\repository\org\seleniumhq\selenium\selenium-api\3.9.0\selenium-api-3.9.0.jar;C:\Users\kam\.m2\repository\org\seleniumhq\selenium\selenium-chrome-driver\3.9.0\selenium-chrome-driver-3.9.0.jar;C:\Users\kam\.m2\repository\org\seleniumhq\selenium\selenium-edge-driver\3.9.0\selenium-edge-driver-3.9.0.jar;C:\Users\kam\.m2\repository\org\seleniumhq\selenium\selenium-firefox-driver\3.9.0\selenium-firefox-driver-3.9.0.jar;C:\Users\kam\.m2\repository\org\seleniumhq\selenium\selenium-ie-driver\3.9.0\selenium-ie-driver-3.9.0.jar;C:\Users\kam\.m2\repository\org\seleniumhq\selenium\selenium-opera-driver\3.9.0\selenium-opera-driver-3.9.0.jar;C:\Users\kam\.m2\repository\org\seleniumhq\selenium\selenium-remote-driver\3.9.0\selenium-remote-driver-3.9.0.jar;C:\Users\kam\.m2\repository\org\seleniumhq\selenium\selenium-safari-driver\3.9.0\selenium-safari-driver-3.9.0.jar;C:\Users\kam\.m2\repository\org\seleniumhq\selenium\selenium-support\3.9.0\selenium-support-3.9.0.jar;C:\Users\kam\.m2\repository\net\bytebuddy\byte-buddy\1.7.9\byte-buddy-1.7.9.jar;C:\Users\kam\.m2\repository\org\apache\commons\commons-exec\1.3\commons-exec-1.3.jar;C:\Users\kam\.m2\repository\commons-codec\commons-codec\1.10\commons-codec-1.10.jar;C:\Users\kam\.m2\repository\commons-logging\commons-logging\1.2\commons-logging-1.2.jar;C:\Users\kam\.m2\repos
Launcher Type: SUN_STANDARD

Logging:
Log output configuration:
#0: stdout all=warning uptime,level,tags
#1: stderr all=off uptime,level,tags

Environment Variables:
JAVA_HOME=C:\Program Files\Java\jdk1.8.0_162\
PATH=C:/Program Files/Java/jdk1.8.0_162//bin/../jre/bin/server;C:/Program Files/Java/jdk1.8.0_162//bin/../jre/bin;C:/Program Files/Java/jdk1.8.0_162//bin/../jre/lib/amd64;C:\chromedrv;C:\maven\bin\;C:\Ruby23-x64\bin;C:\Users\kam\AppData\Roaming\npm\;C:\Program Files (x86)\Intel\iCLS Client\;C:\Program Files\Intel\iCLS Client\;C:\Program Files\Dell\DW WLAN Card;C:\WINDOWS\system32;C:\WINDOWS;C:\WINDOWS\System32\Wbem;C:\WINDOWS\System32\WindowsPowerShell\v1.0\;C:\Program Files (x86)\Intel\Intel(R) Management Engine Components\DAL;C:\Program Files\Intel\Intel(R) Management Engine Components\DAL;C:\Program Files (x86)\Intel\Intel(R) Management Engine Components\IPT;C:\Program Files\Intel\Intel(R) Management Engine Components\IPT;C:\Program Files (x86)\Microsoft SQL Server\120\Tools\Binn\;C:\Program Files\Microsoft SQL Server\120\Tools\Binn\;C:\Program Files\Microsoft SQL Server\120\DTS\Binn\;C:\Program Files (x86)\Microsoft SQL Server\120\Tools\Binn\ManagementStudio\;C:\Program Files (x86)\Microsoft SQL Server\120\DTS\Binn\;C:\Program Files (x86)\Microsoft SQL Server\110\Tools\Binn\;C:\Program Files\Microsoft SQL Server\110\Tools\Binn\;C:\Program Files\Microsoft SQL Server\110\DTS\Binn\;C:\Program Files (x86)\Microsoft SQL Server\110\DTS\Binn\;C:\Program Files (x86)\Microsoft ASP.NET\ASP.NET Web Pages\v1.0\;C:\Program Files (x86)\Microsoft SQL Server\100\Tools\Binn\;C:\Program Files\Microsoft SQL Server\100\Tools\Binn\;C:\Program Files\Microsoft SQL Server\100\DTS\Binn\;C:\Program Files (x86)\Microsoft SQL Server\100\Tools\Binn\VSShell\Common7\IDE\;C:\Program Files (x86)\Microsoft Visual Studio 9.0\Common7\IDE\PrivateAssemblies\;C:\Program Files (x86)\Microsoft SQL Server\100\DTS\Binn\;C:\Program Files\dotnet\;C:\Program Files\Git\cmd;C:\Program Files\nodejs;C:\Users\kam\AppData\Local\Android\Sdk\platform-tools;C:\Users\kam\AppData\Roaming\npm\webdriver-manager\;C:\Users\kam\AppData\Local\Android\Sdk\platform-tools;C:\Program Files\Java\jdk1.8.0_162\\bin;C:\Program Files (
USERNAME=kam
OS=Windows_NT
PROCESSOR_IDENTIFIER=Intel64 Family 6 Model 94 Stepping 3, GenuineIntel



---------------  S Y S T E M  ---------------

OS: Windows 10 , 64 bit Build 17134 (10.0.17134.1)

CPU:total 8 (initial active 8) (4 cores per cpu, 2 threads per core) family 6 model 94 stepping 3, cmov, cx8, fxsr, mmx, sse, sse2, sse3, ssse3, sse4.1, sse4.2, popcnt, avx, avx2, aes, clmul, erms, rtm, 3dnowpref, lzcnt, ht, tsc, tscinvbit, bmi1, bmi2, adx, fma

Memory: 4k page, physical 16354836k(4198060k free), swap 20549140k(3116k free)

vm_info: Java HotSpot(TM) 64-Bit Server VM (9.0.4+11) for windows-amd64 JRE (9.0.4+11), built on Dec 20 2017 02:18:54 by "mach5one" with MS VC++ 12.0 (VS2013)

END.
