#
# There is insufficient memory for the Java Runtime Environment to continue.
# Native memory allocation (malloc) failed to allocate 229536 bytes for Chunk::new
# Possible reasons:
#   The system is out of physical RAM or swap space
#   The process is running with CompressedOops enabled, and the Java Heap may be blocking the growth of the native heap
# Possible solutions:
#   Reduce memory load on the system
#   Increase physical memory or swap space
#   Check if swap backing store is full
#   Decrease Java heap size (-Xmx/-Xms)
#   Decrease number of Java threads
#   Decrease Java thread stack sizes (-Xss)
#   Set larger code cache with -XX:ReservedCodeCacheSize=
#   JVM is running with Zero Based Compressed Oops mode in which the Java heap is
#     placed in the first 32GB address space. The Java Heap base address is the
#     maximum limit for the native heap growth. Please use -XX:HeapBaseMinAddress
#     to set the Java Heap base and to place the Java Heap above 32GB virtual address.
# This output file may be truncated or incomplete.
#
#  Out of Memory Error (t:/workspace/hotspot/src/share/vm/memory/allocation.cpp:372), pid=3412, tid=26944
#
# JRE version: Java(TM) SE Runtime Environment (9.0+11) (build 9.0.4+11)
# Java VM: Java HotSpot(TM) 64-Bit Server VM (9.0.4+11, mixed mode, tiered, compressed oops, g1 gc, windows-amd64)
# No core dump will be written. Minidumps are not enabled by default on client versions of Windows
#

---------------  S U M M A R Y ------------

Command Line: -ea -Dfile.encoding=Cp1252 org.testng.remote.RemoteTestNG -serport 44404 -protocol json -d C:\Users\kam\eclipse-workspace-1\PageObject_DataDriven_BDD_Speach\test-output C:\Users\kam\AppData\Local\Temp\testng-eclipse--1303013802\testng-customsuite.xml

Host: Intel(R) Core(TM) i7-6700HQ CPU @ 2.60GHz, 8 cores, 15G,  Windows 10 , 64 bit Build 17134 (10.0.17134.1)
Time: Sun Oct 28 07:41:45 2018 Sri Lanka Standard Time elapsed time: 12 seconds (0d 0h 0m 12s)

---------------  T H R E A D  ---------------

Current thread (0x000001e2ffa78000):  JavaThread "C2 CompilerThread2" daemon [_thread_in_native, id=26944, stack(0x000000b61e900000,0x000000b61ea00000)]


Current CompileTask:
C2:  12996 2181   !   4       java.net.URL::<init> (546 bytes)

Stack: [0x000000b61e900000,0x000000b61ea00000]
Native frames: (J=compiled Java code, j=interpreted, Vv=VM code, C=native code)
V  [jvm.dll+0x587068]

[error occurred during error reporting (printing native stack), id 0xe0000001]


---------------  P R O C E S S  ---------------

Java Threads: ( => current thread )
  0x000001e2983f8000 JavaThread "Okio Watchdog" daemon [_thread_blocked, id=20372, stack(0x000000b61f700000,0x000000b61f800000)]
  0x000001e298291000 JavaThread "OkHttp ConnectionPool" daemon [_thread_blocked, id=25108, stack(0x000000b61f600000,0x000000b61f700000)]
  0x000001e2980f2000 JavaThread "Exec Stream Pumper" daemon [_thread_in_native, id=13096, stack(0x000000b61f400000,0x000000b61f500000)]
  0x000001e2981e6800 JavaThread "Exec Stream Pumper" daemon [_thread_in_native, id=12152, stack(0x000000b61f300000,0x000000b61f400000)]
  0x000001e297ce0000 JavaThread "UrlChecker-2" daemon [_thread_blocked, id=7968, stack(0x000000b61f200000,0x000000b61f300000)]
  0x000001e298765800 JavaThread "Exec Default Executor" daemon [_thread_in_native, id=1816, stack(0x000000b61f100000,0x000000b61f200000)]
  0x000001e2973c5800 JavaThread "ReaderThread" [_thread_in_native, id=16424, stack(0x000000b61f000000,0x000000b61f100000)]
  0x000001e2ffcaa800 JavaThread "Service Thread" daemon [_thread_blocked, id=13860, stack(0x000000b61ed00000,0x000000b61ee00000)]
  0x000001e2ffb47000 JavaThread "Common-Cleaner" daemon [_thread_blocked, id=15056, stack(0x000000b61ec00000,0x000000b61ed00000)]
  0x000001e2ffa8b800 JavaThread "Sweeper thread" daemon [_thread_blocked, id=14092, stack(0x000000b61eb00000,0x000000b61ec00000)]
  0x000001e2ffa7a000 JavaThread "C1 CompilerThread3" daemon [_thread_blocked, id=16132, stack(0x000000b61ea00000,0x000000b61eb00000)]
=>0x000001e2ffa78000 JavaThread "C2 CompilerThread2" daemon [_thread_in_native, id=26944, stack(0x000000b61e900000,0x000000b61ea00000)]
  0x000001e2ffa75000 JavaThread "C2 CompilerThread1" daemon [_thread_blocked, id=27344, stack(0x000000b61e800000,0x000000b61e900000)]
  0x000001e2ff21e000 JavaThread "C2 CompilerThread0" daemon [_thread_blocked, id=17048, stack(0x000000b61e700000,0x000000b61e800000)]
  0x000001e2ff218800 JavaThread "Attach Listener" daemon [_thread_blocked, id=9872, stack(0x000000b61e600000,0x000000b61e700000)]
  0x000001e2ff217800 JavaThread "Signal Dispatcher" daemon [_thread_blocked, id=11324, stack(0x000000b61e500000,0x000000b61e600000)]
  0x000001e2ff215000 JavaThread "Finalizer" daemon [_thread_blocked, id=22276, stack(0x000000b61e400000,0x000000b61e500000)]
  0x000001e2ff20e000 JavaThread "Reference Handler" daemon [_thread_blocked, id=19108, stack(0x000000b61e300000,0x000000b61e400000)]
  0x000001e2edc1e000 JavaThread "main" [_thread_in_Java, id=16832, stack(0x000000b61cd00000,0x000000b61ce00000)]

Other Threads:
  0x000001e2ff209000 VMThread "VM Thread" [stack: 0x000000b61e200000,0x000000b61e300000] [id=20896]
  0x000001e2ffcb9800 WatcherThread [stack: 0x000000b61ee00000,0x000000b61ef00000] [id=18768]
  0x000001e2edc36000 GCTaskThread "GC Thread#0" [stack: 0x000000b61ce00000,0x000000b61cf00000] [id=21824]
  0x000001e2edc37800 GCTaskThread "GC Thread#1" [stack: 0x000000b61cf00000,0x000000b61d000000] [id=25260]
  0x000001e2edc3a000 GCTaskThread "GC Thread#2" [stack: 0x000000b61d000000,0x000000b61d100000] [id=6720]
  0x000001e2edc3d000 GCTaskThread "GC Thread#3" [stack: 0x000000b61d100000,0x000000b61d200000] [id=6320]
  0x000001e2edc43000 GCTaskThread "GC Thread#4" [stack: 0x000000b61d200000,0x000000b61d300000] [id=17488]
  0x000001e2edc46800 GCTaskThread "GC Thread#5" [stack: 0x000000b61d300000,0x000000b61d400000] [id=24596]
  0x000001e2edc4b800 GCTaskThread "GC Thread#6" [stack: 0x000000b61d400000,0x000000b61d500000] [id=22448]
  0x000001e2edc4f000 GCTaskThread "GC Thread#7" [stack: 0x000000b61d500000,0x000000b61d600000] [id=12768]
  0x000001e2edcb8800 ConcurrentGCThread "G1 Main Marker" [stack: 0x000000b61df00000,0x000000b61e000000] [id=608]
  0x000001e2edcb9800 ConcurrentGCThread "G1 Marker#0" [stack: 0x000000b61e000000,0x000000b61e100000] [id=27064]
  0x000001e2edcba000 ConcurrentGCThread "G1 Marker#1" [stack: 0x000000b61e100000,0x000000b61e200000] [id=13992]
  0x000001e2edc6c800 ConcurrentGCThread "G1 Refine#0" [stack: 0x000000b61dd00000,0x000000b61de00000] [id=20400]
  0x000001e2edc63800 ConcurrentGCThread "G1 Refine#1" [stack: 0x000000b61dc00000,0x000000b61dd00000] [id=16760]
  0x000001e2edc61800 ConcurrentGCThread "G1 Refine#2" [stack: 0x000000b61db00000,0x000000b61dc00000] [id=22352]
  0x000001e2edc5f800 ConcurrentGCThread "G1 Refine#3" [stack: 0x000000b61da00000,0x000000b61db00000] [id=544]
  0x000001e2edc5b800 ConcurrentGCThread "G1 Refine#4" [stack: 0x000000b61d900000,0x000000b61da00000] [id=27308]
  0x000001e2edc58000 ConcurrentGCThread "G1 Refine#5" [stack: 0x000000b61d800000,0x000000b61d900000] [id=1788]
  0x000001e2edc53000 ConcurrentGCThread "G1 Refine#6" [stack: 0x000000b61d700000,0x000000b61d800000] [id=5912]
  0x000001e2edc52000 ConcurrentGCThread "G1 Refine#7" [stack: 0x000000b61d600000,0x000000b61d700000] [id=3816]
  0x000001e2edc6d800 ConcurrentGCThread "G1 Young RemSet Sampling" [stack: 0x000000b61de00000,0x000000b61df00000] [id=14512]

Threads with active compile tasks:
C2 CompilerThread22181   !   4       java.net.URL::<init> (546 bytes)

VM state:not at safepoint (normal execution)

VM Mutex/Monitor currently owned by a thread: None

Heap address: 0x00000006c6600000, size: 3994 MB, Compressed Oops mode: Zero based, Oop shift amount: 3
Narrow klass base: 0x0000000000000000, Narrow klass shift: 3
Compressed class space size: 1073741824 Address: 0x00000007c0000000

Heap:
 garbage-first heap   total 256000K, used 34809K [0x00000006c6600000, 0x00000006c67007d0, 0x00000007c0000000)
  region size 1024K, 30 young (30720K), 6 survivors (6144K)
 Metaspace       used 25193K, capacity 25957K, committed 26032K, reserved 1077248K
  class space    used 3050K, capacity 3233K, committed 3248K, reserved 1048576K
Heap Regions: E=young(eden), S=young(survivor), O=old, HS=humongous(starts), HC=humongous(continues), CS=collection set, F=free, A=archive, TS=gc time stamp, AC=allocation context, TAMS=top-at-mark-start (previous, next)
|   0|0x00000006c6600000, 0x00000006c6700000, 0x00000006c6700000|100%| O|  |TS  0|AC  0|TAMS 0x00000006c6700000, 0x00000006c6700000|
|   1|0x00000006c6700000, 0x00000006c6800000, 0x00000006c6800000|100%| O|  |TS  0|AC  0|TAMS 0x00000006c6800000, 0x00000006c6800000|
|   2|0x00000006c6800000, 0x00000006c6800000, 0x00000006c6900000|  0%| F|  |TS  0|AC  0|TAMS 0x00000006c6800000, 0x00000006c6800000|
|   3|0x00000006c6900000, 0x00000006c6a00000, 0x00000006c6a00000|100%| O|  |TS  0|AC  0|TAMS 0x00000006c6a00000, 0x00000006c6a00000|
|   4|0x00000006c6a00000, 0x00000006c6b00000, 0x00000006c6b00000|100%| O|  |TS  0|AC  0|TAMS 0x00000006c6b00000, 0x00000006c6b00000|
|   5|0x00000006c6b00000, 0x00000006c6c00000, 0x00000006c6c00000|100%| O|  |TS  0|AC  0|TAMS 0x00000006c6c00000, 0x00000006c6c00000|
|   6|0x00000006c6c00000, 0x00000006c6cec400, 0x00000006c6d00000| 92%| O|  |TS  0|AC  0|TAMS 0x00000006c6cec400, 0x00000006c6cec400|
|   7|0x00000006c6d00000, 0x00000006c6d00000, 0x00000006c6e00000|  0%| F|  |TS  0|AC  0|TAMS 0x00000006c6d00000, 0x00000006c6d00000|
|   8|0x00000006c6e00000, 0x00000006c6e00000, 0x00000006c6f00000|  0%| F|  |TS  0|AC  0|TAMS 0x00000006c6e00000, 0x00000006c6e00000|
|   9|0x00000006c6f00000, 0x00000006c6f00000, 0x00000006c7000000|  0%| F|  |TS  0|AC  0|TAMS 0x00000006c6f00000, 0x00000006c6f00000|
|  10|0x00000006c7000000, 0x00000006c7000000, 0x00000006c7100000|  0%| F|  |TS  0|AC  0|TAMS 0x00000006c7000000, 0x00000006c7000000|
|  11|0x00000006c7100000, 0x00000006c7100000, 0x00000006c7200000|  0%| F|  |TS  0|AC  0|TAMS 0x00000006c7100000, 0x00000006c7100000|
|  12|0x00000006c7200000, 0x00000006c7200000, 0x00000006c7300000|  0%| F|  |TS  0|AC  0|TAMS 0x00000006c7200000, 0x00000006c7200000|
|  13|0x00000006c7300000, 0x00000006c7300000, 0x00000006c7400000|  0%| F|  |TS  0|AC  0|TAMS 0x00000006c7300000, 0x00000006c7300000|
|  14|0x00000006c7400000, 0x00000006c7400000, 0x00000006c7500000|  0%| F|  |TS  0|AC  0|TAMS 0x00000006c7400000, 0x00000006c7400000|
|  15|0x00000006c7500000, 0x00000006c7500000, 0x00000006c7600000|  0%| F|  |TS  0|AC  0|TAMS 0x00000006c7500000, 0x00000006c7500000|
|  16|0x00000006c7600000, 0x00000006c7600000, 0x00000006c7700000|  0%| F|  |TS  0|AC  0|TAMS 0x00000006c7600000, 0x00000006c7600000|
|  17|0x00000006c7700000, 0x00000006c7700000, 0x00000006c7800000|  0%| F|  |TS  0|AC  0|TAMS 0x00000006c7700000, 0x00000006c7700000|
|  18|0x00000006c7800000, 0x00000006c7800000, 0x00000006c7900000|  0%| F|  |TS  0|AC  0|TAMS 0x00000006c7800000, 0x00000006c7800000|
|  19|0x00000006c7900000, 0x00000006c7900000, 0x00000006c7a00000|  0%| F|  |TS  0|AC  0|TAMS 0x00000006c7900000, 0x00000006c7900000|
|  20|0x00000006c7a00000, 0x00000006c7a00000, 0x00000006c7b00000|  0%| F|  |TS  0|AC  0|TAMS 0x00000006c7a00000, 0x00000006c7a00000|
|  21|0x00000006c7b00000, 0x00000006c7b00000, 0x00000006c7c00000|  0%| F|  |TS  0|AC  0|TAMS 0x00000006c7b00000, 0x00000006c7b00000|
|  22|0x00000006c7c00000, 0x00000006c7c00000, 0x00000006c7d00000|  0%| F|  |TS  0|AC  0|TAMS 0x00000006c7c00000, 0x00000006c7c00000|
|  23|0x00000006c7d00000, 0x00000006c7d00000, 0x00000006c7e00000|  0%| F|  |TS  0|AC  0|TAMS 0x00000006c7d00000, 0x00000006c7d00000|
|  24|0x00000006c7e00000, 0x00000006c7e00000, 0x00000006c7f00000|  0%| F|  |TS  0|AC  0|TAMS 0x00000006c7e00000, 0x00000006c7e00000|
|  25|0x00000006c7f00000, 0x00000006c7f00000, 0x00000006c8000000|  0%| F|  |TS  0|AC  0|TAMS 0x00000006c7f00000, 0x00000006c7f00000|
|  26|0x00000006c8000000, 0x00000006c8000000, 0x00000006c8100000|  0%| F|  |TS  0|AC  0|TAMS 0x00000006c8000000, 0x00000006c8000000|
|  27|0x00000006c8100000, 0x00000006c8100000, 0x00000006c8200000|  0%| F|  |TS  0|AC  0|TAMS 0x00000006c8100000, 0x00000006c8100000|
|  28|0x00000006c8200000, 0x00000006c8200000, 0x00000006c8300000|  0%| F|  |TS  0|AC  0|TAMS 0x00000006c8200000, 0x00000006c8200000|
|  29|0x00000006c8300000, 0x00000006c8300000, 0x00000006c8400000|  0%| F|  |TS  0|AC  0|TAMS 0x00000006c8300000, 0x00000006c8300000|
|  30|0x00000006c8400000, 0x00000006c8400000, 0x00000006c8500000|  0%| F|  |TS  0|AC  0|TAMS 0x00000006c8400000, 0x00000006c8400000|
|  31|0x00000006c8500000, 0x00000006c8500000, 0x00000006c8600000|  0%| F|  |TS  0|AC  0|TAMS 0x00000006c8500000, 0x00000006c8500000|
|  32|0x00000006c8600000, 0x00000006c8600000, 0x00000006c8700000|  0%| F|  |TS  0|AC  0|TAMS 0x00000006c8600000, 0x00000006c8600000|
|  33|0x00000006c8700000, 0x00000006c8700000, 0x00000006c8800000|  0%| F|  |TS  0|AC  0|TAMS 0x00000006c8700000, 0x00000006c8700000|
|  34|0x00000006c8800000, 0x00000006c8800000, 0x00000006c8900000|  0%| F|  |TS  0|AC  0|TAMS 0x00000006c8800000, 0x00000006c8800000|
|  35|0x00000006c8900000, 0x00000006c8900000, 0x00000006c8a00000|  0%| F|  |TS  0|AC  0|TAMS 0x00000006c8900000, 0x00000006c8900000|
|  36|0x00000006c8a00000, 0x00000006c8a00000, 0x00000006c8b00000|  0%| F|  |TS  0|AC  0|TAMS 0x00000006c8a00000, 0x00000006c8a00000|
|  37|0x00000006c8b00000, 0x00000006c8b00000, 0x00000006c8c00000|  0%| F|  |TS  0|AC  0|TAMS 0x00000006c8b00000, 0x00000006c8b00000|
|  38|0x00000006c8c00000, 0x00000006c8c00000, 0x00000006c8d00000|  0%| F|  |TS  0|AC  0|TAMS 0x00000006c8c00000, 0x00000006c8c00000|
|  39|0x00000006c8d00000, 0x00000006c8d00000, 0x00000006c8e00000|  0%| F|  |TS  0|AC  0|TAMS 0x00000006c8d00000, 0x00000006c8d00000|
|  40|0x00000006c8e00000, 0x00000006c8e00000, 0x00000006c8f00000|  0%| F|  |TS  0|AC  0|TAMS 0x00000006c8e00000, 0x00000006c8e00000|
|  41|0x00000006c8f00000, 0x00000006c8f00000, 0x00000006c9000000|  0%| F|  |TS  0|AC  0|TAMS 0x00000006c8f00000, 0x00000006c8f00000|
|  42|0x00000006c9000000, 0x00000006c9000000, 0x00000006c9100000|  0%| F|  |TS  0|AC  0|TAMS 0x00000006c9000000, 0x00000006c9000000|
|  43|0x00000006c9100000, 0x00000006c9100000, 0x00000006c9200000|  0%| F|  |TS  0|AC  0|TAMS 0x00000006c9100000, 0x00000006c9100000|
|  44|0x00000006c9200000, 0x00000006c9200000, 0x00000006c9300000|  0%| F|  |TS  0|AC  0|TAMS 0x00000006c9200000, 0x00000006c9200000|
|  45|0x00000006c9300000, 0x00000006c9300000, 0x00000006c9400000|  0%| F|  |TS  0|AC  0|TAMS 0x00000006c9300000, 0x00000006c9300000|
|  46|0x00000006c9400000, 0x00000006c9400000, 0x00000006c9500000|  0%| F|  |TS  0|AC  0|TAMS 0x00000006c9400000, 0x00000006c9400000|
|  47|0x00000006c9500000, 0x00000006c9500000, 0x00000006c9600000|  0%| F|  |TS  0|AC  0|TAMS 0x00000006c9500000, 0x00000006c9500000|
|  48|0x00000006c9600000, 0x00000006c9600000, 0x00000006c9700000|  0%| F|  |TS  0|AC  0|TAMS 0x00000006c9600000, 0x00000006c9600000|
|  49|0x00000006c9700000, 0x00000006c9700000, 0x00000006c9800000|  0%| F|  |TS  0|AC  0|TAMS 0x00000006c9700000, 0x00000006c9700000|
|  50|0x00000006c9800000, 0x00000006c9800000, 0x00000006c9900000|  0%| F|  |TS  0|AC  0|TAMS 0x00000006c9800000, 0x00000006c9800000|
|  51|0x00000006c9900000, 0x00000006c9900000, 0x00000006c9a00000|  0%| F|  |TS  0|AC  0|TAMS 0x00000006c9900000, 0x00000006c9900000|
|  52|0x00000006c9a00000, 0x00000006c9a00000, 0x00000006c9b00000|  0%| F|  |TS  0|AC  0|TAMS 0x00000006c9a00000, 0x00000006c9a00000|
|  53|0x00000006c9b00000, 0x00000006c9b00000, 0x00000006c9c00000|  0%| F|  |TS  0|AC  0|TAMS 0x00000006c9b00000, 0x00000006c9b00000|
|  54|0x00000006c9c00000, 0x00000006c9c00000, 0x00000006c9d00000|  0%| F|  |TS  0|AC  0|TAMS 0x00000006c9c00000, 0x00000006c9c00000|
|  55|0x00000006c9d00000, 0x00000006c9d00000, 0x00000006c9e00000|  0%| F|  |TS  0|AC  0|TAMS 0x00000006c9d00000, 0x00000006c9d00000|
|  56|0x00000006c9e00000, 0x00000006c9e00000, 0x00000006c9f00000|  0%| F|  |TS  0|AC  0|TAMS 0x00000006c9e00000, 0x00000006c9e00000|
|  57|0x00000006c9f00000, 0x00000006c9f00000, 0x00000006ca000000|  0%| F|  |TS  0|AC  0|TAMS 0x00000006c9f00000, 0x00000006c9f00000|
|  58|0x00000006ca000000, 0x00000006ca000000, 0x00000006ca100000|  0%| F|  |TS  0|AC  0|TAMS 0x00000006ca000000, 0x00000006ca000000|
|  59|0x00000006ca100000, 0x00000006ca100000, 0x00000006ca200000|  0%| F|  |TS  0|AC  0|TAMS 0x00000006ca100000, 0x00000006ca100000|
|  60|0x00000006ca200000, 0x00000006ca200000, 0x00000006ca300000|  0%| F|  |TS  0|AC  0|TAMS 0x00000006ca200000, 0x00000006ca200000|
|  61|0x00000006ca300000, 0x00000006ca300000, 0x00000006ca400000|  0%| F|  |TS  0|AC  0|TAMS 0x00000006ca300000, 0x00000006ca300000|
|  62|0x00000006ca400000, 0x00000006ca400000, 0x00000006ca500000|  0%| F|  |TS  0|AC  0|TAMS 0x00000006ca400000, 0x00000006ca400000|
|  63|0x00000006ca500000, 0x00000006ca500000, 0x00000006ca600000|  0%| F|  |TS  0|AC  0|TAMS 0x00000006ca500000, 0x00000006ca500000|
|  64|0x00000006ca600000, 0x00000006ca600000, 0x00000006ca700000|  0%| F|  |TS  0|AC  0|TAMS 0x00000006ca600000, 0x00000006ca600000|
|  65|0x00000006ca700000, 0x00000006ca700000, 0x00000006ca800000|  0%| F|  |TS  0|AC  0|TAMS 0x00000006ca700000, 0x00000006ca700000|
|  66|0x00000006ca800000, 0x00000006ca800000, 0x00000006ca900000|  0%| F|  |TS  0|AC  0|TAMS 0x00000006ca800000, 0x00000006ca800000|
|  67|0x00000006ca900000, 0x00000006ca900000, 0x00000006caa00000|  0%| F|  |TS  0|AC  0|TAMS 0x00000006ca900000, 0x00000006ca900000|
|  68|0x00000006caa00000, 0x00000006caa00000, 0x00000006cab00000|  0%| F|  |TS  0|AC  0|TAMS 0x00000006caa00000, 0x00000006caa00000|
|  69|0x00000006cab00000, 0x00000006cab00000, 0x00000006cac00000|  0%| F|  |TS  0|AC  0|TAMS 0x00000006cab00000, 0x00000006cab00000|
|  70|0x00000006cac00000, 0x00000006cac00000, 0x00000006cad00000|  0%| F|  |TS  0|AC  0|TAMS 0x00000006cac00000, 0x00000006cac00000|
|  71|0x00000006cad00000, 0x00000006cad00000, 0x00000006cae00000|  0%| F|  |TS  0|AC  0|TAMS 0x00000006cad00000, 0x00000006cad00000|
|  72|0x00000006cae00000, 0x00000006cae00000, 0x00000006caf00000|  0%| F|  |TS  0|AC  0|TAMS 0x00000006cae00000, 0x00000006cae00000|
|  73|0x00000006caf00000, 0x00000006caf00000, 0x00000006cb000000|  0%| F|  |TS  0|AC  0|TAMS 0x00000006caf00000, 0x00000006caf00000|
|  74|0x00000006cb000000, 0x00000006cb000000, 0x00000006cb100000|  0%| F|  |TS  0|AC  0|TAMS 0x00000006cb000000, 0x00000006cb000000|
|  75|0x00000006cb100000, 0x00000006cb100000, 0x00000006cb200000|  0%| F|  |TS  0|AC  0|TAMS 0x00000006cb100000, 0x00000006cb100000|
|  76|0x00000006cb200000, 0x00000006cb200000, 0x00000006cb300000|  0%| F|  |TS  0|AC  0|TAMS 0x00000006cb200000, 0x00000006cb200000|
|  77|0x00000006cb300000, 0x00000006cb300000, 0x00000006cb400000|  0%| F|  |TS  0|AC  0|TAMS 0x00000006cb300000, 0x00000006cb300000|
|  78|0x00000006cb400000, 0x00000006cb400000, 0x00000006cb500000|  0%| F|  |TS  0|AC  0|TAMS 0x00000006cb400000, 0x00000006cb400000|
|  79|0x00000006cb500000, 0x00000006cb500000, 0x00000006cb600000|  0%| F|  |TS  0|AC  0|TAMS 0x00000006cb500000, 0x00000006cb500000|
|  80|0x00000006cb600000, 0x00000006cb600000, 0x00000006cb700000|  0%| F|  |TS  0|AC  0|TAMS 0x00000006cb600000, 0x00000006cb600000|
|  81|0x00000006cb700000, 0x00000006cb700000, 0x00000006cb800000|  0%| F|  |TS  0|AC  0|TAMS 0x00000006cb700000, 0x00000006cb700000|
|  82|0x00000006cb800000, 0x00000006cb800000, 0x00000006cb900000|  0%| F|  |TS  0|AC  0|TAMS 0x00000006cb800000, 0x00000006cb800000|
|  83|0x00000006cb900000, 0x00000006cb900000, 0x00000006cba00000|  0%| F|  |TS  0|AC  0|TAMS 0x00000006cb900000, 0x00000006cb900000|
|  84|0x00000006cba00000, 0x00000006cba00000, 0x00000006cbb00000|  0%| F|  |TS  0|AC  0|TAMS 0x00000006cba00000, 0x00000006cba00000|
|  85|0x00000006cbb00000, 0x00000006cbb00000, 0x00000006cbc00000|  0%| F|  |TS  0|AC  0|TAMS 0x00000006cbb00000, 0x00000006cbb00000|
|  86|0x00000006cbc00000, 0x00000006cbc00000, 0x00000006cbd00000|  0%| F|  |TS  0|AC  0|TAMS 0x00000006cbc00000, 0x00000006cbc00000|
|  87|0x00000006cbd00000, 0x00000006cbd00000, 0x00000006cbe00000|  0%| F|  |TS  0|AC  0|TAMS 0x00000006cbd00000, 0x00000006cbd00000|
|  88|0x00000006cbe00000, 0x00000006cbe00000, 0x00000006cbf00000|  0%| F|  |TS  0|AC  0|TAMS 0x00000006cbe00000, 0x00000006cbe00000|
|  89|0x00000006cbf00000, 0x00000006cbf00000, 0x00000006cc000000|  0%| F|  |TS  0|AC  0|TAMS 0x00000006cbf00000, 0x00000006cbf00000|
|  90|0x00000006cc000000, 0x00000006cc000000, 0x00000006cc100000|  0%| F|  |TS  0|AC  0|TAMS 0x00000006cc000000, 0x00000006cc000000|
|  91|0x00000006cc100000, 0x00000006cc100000, 0x00000006cc200000|  0%| F|  |TS  0|AC  0|TAMS 0x00000006cc100000, 0x00000006cc100000|
|  92|0x00000006cc200000, 0x00000006cc200000, 0x00000006cc300000|  0%| F|  |TS  0|AC  0|TAMS 0x00000006cc200000, 0x00000006cc200000|
|  93|0x00000006cc300000, 0x00000006cc300000, 0x00000006cc400000|  0%| F|  |TS  0|AC  0|TAMS 0x00000006cc300000, 0x00000006cc300000|
|  94|0x00000006cc400000, 0x00000006cc400000, 0x00000006cc500000|  0%| F|  |TS  0|AC  0|TAMS 0x00000006cc400000, 0x00000006cc400000|
|  95|0x00000006cc500000, 0x00000006cc500000, 0x00000006cc600000|  0%| F|  |TS  0|AC  0|TAMS 0x00000006cc500000, 0x00000006cc500000|
|  96|0x00000006cc600000, 0x00000006cc600000, 0x00000006cc700000|  0%| F|  |TS  0|AC  0|TAMS 0x00000006cc600000, 0x00000006cc600000|
|  97|0x00000006cc700000, 0x00000006cc700000, 0x00000006cc800000|  0%| F|  |TS  0|AC  0|TAMS 0x00000006cc700000, 0x00000006cc700000|
|  98|0x00000006cc800000, 0x00000006cc800000, 0x00000006cc900000|  0%| F|  |TS  0|AC  0|TAMS 0x00000006cc800000, 0x00000006cc800000|
|  99|0x00000006cc900000, 0x00000006cc900000, 0x00000006cca00000|  0%| F|  |TS  0|AC  0|TAMS 0x00000006cc900000, 0x00000006cc900000|
| 100|0x00000006cca00000, 0x00000006cca00000, 0x00000006ccb00000|  0%| F|  |TS  0|AC  0|TAMS 0x00000006cca00000, 0x00000006cca00000|
| 101|0x00000006ccb00000, 0x00000006ccb00000, 0x00000006ccc00000|  0%| F|  |TS  0|AC  0|TAMS 0x00000006ccb00000, 0x00000006ccb00000|
| 102|0x00000006ccc00000, 0x00000006ccc00000, 0x00000006ccd00000|  0%| F|  |TS  0|AC  0|TAMS 0x00000006ccc00000, 0x00000006ccc00000|
| 103|0x00000006ccd00000, 0x00000006ccd00000, 0x00000006cce00000|  0%| F|  |TS  0|AC  0|TAMS 0x00000006ccd00000, 0x00000006ccd00000|
| 104|0x00000006cce00000, 0x00000006cce00000, 0x00000006ccf00000|  0%| F|  |TS  0|AC  0|TAMS 0x00000006cce00000, 0x00000006cce00000|
| 105|0x00000006ccf00000, 0x00000006ccf00000, 0x00000006cd000000|  0%| F|  |TS  0|AC  0|TAMS 0x00000006ccf00000, 0x00000006ccf00000|
| 106|0x00000006cd000000, 0x00000006cd000000, 0x00000006cd100000|  0%| F|  |TS  0|AC  0|TAMS 0x00000006cd000000, 0x00000006cd000000|
| 107|0x00000006cd100000, 0x00000006cd100000, 0x00000006cd200000|  0%| F|  |TS  0|AC  0|TAMS 0x00000006cd100000, 0x00000006cd100000|
| 108|0x00000006cd200000, 0x00000006cd200000, 0x00000006cd300000|  0%| F|  |TS  0|AC  0|TAMS 0x00000006cd200000, 0x00000006cd200000|
| 109|0x00000006cd300000, 0x00000006cd300000, 0x00000006cd400000|  0%| F|  |TS  0|AC  0|TAMS 0x00000006cd300000, 0x00000006cd300000|
| 110|0x00000006cd400000, 0x00000006cd400000, 0x00000006cd500000|  0%| F|  |TS  0|AC  0|TAMS 0x00000006cd400000, 0x00000006cd400000|
| 111|0x00000006cd500000, 0x00000006cd500000, 0x00000006cd600000|  0%| F|  |TS  0|AC  0|TAMS 0x00000006cd500000, 0x00000006cd500000|
| 112|0x00000006cd600000, 0x00000006cd600000, 0x00000006cd700000|  0%| F|  |TS  0|AC  0|TAMS 0x00000006cd600000, 0x00000006cd600000|
| 113|0x00000006cd700000, 0x00000006cd700000, 0x00000006cd800000|  0%| F|  |TS  0|AC  0|TAMS 0x00000006cd700000, 0x00000006cd700000|
| 114|0x00000006cd800000, 0x00000006cd800000, 0x00000006cd900000|  0%| F|  |TS  0|AC  0|TAMS 0x00000006cd800000, 0x00000006cd800000|
| 115|0x00000006cd900000, 0x00000006cd900000, 0x00000006cda00000|  0%| F|  |TS  0|AC  0|TAMS 0x00000006cd900000, 0x00000006cd900000|
| 116|0x00000006cda00000, 0x00000006cda00000, 0x00000006cdb00000|  0%| F|  |TS  0|AC  0|TAMS 0x00000006cda00000, 0x00000006cda00000|
| 117|0x00000006cdb00000, 0x00000006cdb00000, 0x00000006cdc00000|  0%| F|  |TS  0|AC  0|TAMS 0x00000006cdb00000, 0x00000006cdb00000|
| 118|0x00000006cdc00000, 0x00000006cdc00000, 0x00000006cdd00000|  0%| F|  |TS  0|AC  0|TAMS 0x00000006cdc00000, 0x00000006cdc00000|
| 119|0x00000006cdd00000, 0x00000006cdd00000, 0x00000006cde00000|  0%| F|  |TS  0|AC  0|TAMS 0x00000006cdd00000, 0x00000006cdd00000|
| 120|0x00000006cde00000, 0x00000006cde00000, 0x00000006cdf00000|  0%| F|  |TS  0|AC  0|TAMS 0x00000006cde00000, 0x00000006cde00000|
| 121|0x00000006cdf00000, 0x00000006cdf00000, 0x00000006ce000000|  0%| F|  |TS  0|AC  0|TAMS 0x00000006cdf00000, 0x00000006cdf00000|
| 122|0x00000006ce000000, 0x00000006ce000000, 0x00000006ce100000|  0%| F|  |TS  0|AC  0|TAMS 0x00000006ce000000, 0x00000006ce000000|
| 123|0x00000006ce100000, 0x00000006ce100000, 0x00000006ce200000|  0%| F|  |TS  0|AC  0|TAMS 0x00000006ce100000, 0x00000006ce100000|
| 124|0x00000006ce200000, 0x00000006ce200000, 0x00000006ce300000|  0%| F|  |TS  0|AC  0|TAMS 0x00000006ce200000, 0x00000006ce200000|
| 125|0x00000006ce300000, 0x00000006ce300000, 0x00000006ce400000|  0%| F|  |TS  0|AC  0|TAMS 0x00000006ce300000, 0x00000006ce300000|
| 126|0x00000006ce400000, 0x00000006ce400000, 0x00000006ce500000|  0%| F|  |TS  0|AC  0|TAMS 0x00000006ce400000, 0x00000006ce400000|
| 127|0x00000006ce500000, 0x00000006ce500000, 0x00000006ce600000|  0%| F|  |TS  0|AC  0|TAMS 0x00000006ce500000, 0x00000006ce500000|
| 128|0x00000006ce600000, 0x00000006ce600000, 0x00000006ce700000|  0%| F|  |TS  0|AC  0|TAMS 0x00000006ce600000, 0x00000006ce600000|
| 129|0x00000006ce700000, 0x00000006ce700000, 0x00000006ce800000|  0%| F|  |TS  0|AC  0|TAMS 0x00000006ce700000, 0x00000006ce700000|
| 130|0x00000006ce800000, 0x00000006ce800000, 0x00000006ce900000|  0%| F|  |TS  0|AC  0|TAMS 0x00000006ce800000, 0x00000006ce800000|
| 131|0x00000006ce900000, 0x00000006ce900000, 0x00000006cea00000|  0%| F|  |TS  0|AC  0|TAMS 0x00000006ce900000, 0x00000006ce900000|
| 132|0x00000006cea00000, 0x00000006cea00000, 0x00000006ceb00000|  0%| F|  |TS  0|AC  0|TAMS 0x00000006cea00000, 0x00000006cea00000|
| 133|0x00000006ceb00000, 0x00000006ceb00000, 0x00000006cec00000|  0%| F|  |TS  0|AC  0|TAMS 0x00000006ceb00000, 0x00000006ceb00000|
| 134|0x00000006cec00000, 0x00000006cec00000, 0x00000006ced00000|  0%| F|  |TS  0|AC  0|TAMS 0x00000006cec00000, 0x00000006cec00000|
| 135|0x00000006ced00000, 0x00000006ced00000, 0x00000006cee00000|  0%| F|  |TS  0|AC  0|TAMS 0x00000006ced00000, 0x00000006ced00000|
| 136|0x00000006cee00000, 0x00000006cee00000, 0x00000006cef00000|  0%| F|  |TS  0|AC  0|TAMS 0x00000006cee00000, 0x00000006cee00000|
| 137|0x00000006cef00000, 0x00000006cef00000, 0x00000006cf000000|  0%| F|  |TS  0|AC  0|TAMS 0x00000006cef00000, 0x00000006cef00000|
| 138|0x00000006cf000000, 0x00000006cf000000, 0x00000006cf100000|  0%| F|  |TS  0|AC  0|TAMS 0x00000006cf000000, 0x00000006cf000000|
| 139|0x00000006cf100000, 0x00000006cf100000, 0x00000006cf200000|  0%| F|  |TS  0|AC  0|TAMS 0x00000006cf100000, 0x00000006cf100000|
| 140|0x00000006cf200000, 0x00000006cf200000, 0x00000006cf300000|  0%| F|  |TS  0|AC  0|TAMS 0x00000006cf200000, 0x00000006cf200000|
| 141|0x00000006cf300000, 0x00000006cf300000, 0x00000006cf400000|  0%| F|  |TS  0|AC  0|TAMS 0x00000006cf300000, 0x00000006cf300000|
| 142|0x00000006cf400000, 0x00000006cf400000, 0x00000006cf500000|  0%| F|  |TS  0|AC  0|TAMS 0x00000006cf400000, 0x00000006cf400000|
| 143|0x00000006cf500000, 0x00000006cf500000, 0x00000006cf600000|  0%| F|  |TS  0|AC  0|TAMS 0x00000006cf500000, 0x00000006cf500000|
| 144|0x00000006cf600000, 0x00000006cf600000, 0x00000006cf700000|  0%| F|  |TS  0|AC  0|TAMS 0x00000006cf600000, 0x00000006cf600000|
| 145|0x00000006cf700000, 0x00000006cf700000, 0x00000006cf800000|  0%| F|  |TS  0|AC  0|TAMS 0x00000006cf700000, 0x00000006cf700000|
| 146|0x00000006cf800000, 0x00000006cf800000, 0x00000006cf900000|  0%| F|  |TS  0|AC  0|TAMS 0x00000006cf800000, 0x00000006cf800000|
| 147|0x00000006cf900000, 0x00000006cf900000, 0x00000006cfa00000|  0%| F|  |TS  0|AC  0|TAMS 0x00000006cf900000, 0x00000006cf900000|
| 148|0x00000006cfa00000, 0x00000006cfa00000, 0x00000006cfb00000|  0%| F|  |TS  0|AC  0|TAMS 0x00000006cfa00000, 0x00000006cfa00000|
| 149|0x00000006cfb00000, 0x00000006cfb00000, 0x00000006cfc00000|  0%| F|  |TS  0|AC  0|TAMS 0x00000006cfb00000, 0x00000006cfb00000|
| 150|0x00000006cfc00000, 0x00000006cfc00000, 0x00000006cfd00000|  0%| F|  |TS  0|AC  0|TAMS 0x00000006cfc00000, 0x00000006cfc00000|
| 151|0x00000006cfd00000, 0x00000006cfd00000, 0x00000006cfe00000|  0%| F|  |TS  0|AC  0|TAMS 0x00000006cfd00000, 0x00000006cfd00000|
| 152|0x00000006cfe00000, 0x00000006cfe00000, 0x00000006cff00000|  0%| F|  |TS  0|AC  0|TAMS 0x00000006cfe00000, 0x00000006cfe00000|
| 153|0x00000006cff00000, 0x00000006cff00000, 0x00000006d0000000|  0%| F|  |TS  0|AC  0|TAMS 0x00000006cff00000, 0x00000006cff00000|
| 154|0x00000006d0000000, 0x00000006d0000000, 0x00000006d0100000|  0%| F|  |TS  0|AC  0|TAMS 0x00000006d0000000, 0x00000006d0000000|
| 155|0x00000006d0100000, 0x00000006d0100000, 0x00000006d0200000|  0%| F|  |TS  0|AC  0|TAMS 0x00000006d0100000, 0x00000006d0100000|
| 156|0x00000006d0200000, 0x00000006d0200000, 0x00000006d0300000|  0%| F|  |TS  0|AC  0|TAMS 0x00000006d0200000, 0x00000006d0200000|
| 157|0x00000006d0300000, 0x00000006d0300000, 0x00000006d0400000|  0%| F|  |TS  0|AC  0|TAMS 0x00000006d0300000, 0x00000006d0300000|
| 158|0x00000006d0400000, 0x00000006d0400000, 0x00000006d0500000|  0%| F|  |TS  0|AC  0|TAMS 0x00000006d0400000, 0x00000006d0400000|
| 159|0x00000006d0500000, 0x00000006d0500000, 0x00000006d0600000|  0%| F|  |TS  0|AC  0|TAMS 0x00000006d0500000, 0x00000006d0500000|
| 160|0x00000006d0600000, 0x00000006d0600000, 0x00000006d0700000|  0%| F|  |TS  0|AC  0|TAMS 0x00000006d0600000, 0x00000006d0600000|
| 161|0x00000006d0700000, 0x00000006d0700000, 0x00000006d0800000|  0%| F|  |TS  0|AC  0|TAMS 0x00000006d0700000, 0x00000006d0700000|
| 162|0x00000006d0800000, 0x00000006d0800000, 0x00000006d0900000|  0%| F|  |TS  0|AC  0|TAMS 0x00000006d0800000, 0x00000006d0800000|
| 163|0x00000006d0900000, 0x00000006d0900000, 0x00000006d0a00000|  0%| F|  |TS  0|AC  0|TAMS 0x00000006d0900000, 0x00000006d0900000|
| 164|0x00000006d0a00000, 0x00000006d0a00000, 0x00000006d0b00000|  0%| F|  |TS  0|AC  0|TAMS 0x00000006d0a00000, 0x00000006d0a00000|
| 165|0x00000006d0b00000, 0x00000006d0b00000, 0x00000006d0c00000|  0%| F|  |TS  0|AC  0|TAMS 0x00000006d0b00000, 0x00000006d0b00000|
| 166|0x00000006d0c00000, 0x00000006d0c00000, 0x00000006d0d00000|  0%| F|  |TS  0|AC  0|TAMS 0x00000006d0c00000, 0x00000006d0c00000|
| 167|0x00000006d0d00000, 0x00000006d0d00000, 0x00000006d0e00000|  0%| F|  |TS  0|AC  0|TAMS 0x00000006d0d00000, 0x00000006d0d00000|
| 168|0x00000006d0e00000, 0x00000006d0e00000, 0x00000006d0f00000|  0%| F|  |TS  0|AC  0|TAMS 0x00000006d0e00000, 0x00000006d0e00000|
| 169|0x00000006d0f00000, 0x00000006d0f00000, 0x00000006d1000000|  0%| F|  |TS  0|AC  0|TAMS 0x00000006d0f00000, 0x00000006d0f00000|
| 170|0x00000006d1000000, 0x00000006d1000000, 0x00000006d1100000|  0%| F|  |TS  0|AC  0|TAMS 0x00000006d1000000, 0x00000006d1000000|
| 171|0x00000006d1100000, 0x00000006d1100000, 0x00000006d1200000|  0%| F|  |TS  0|AC  0|TAMS 0x00000006d1100000, 0x00000006d1100000|
| 172|0x00000006d1200000, 0x00000006d1200000, 0x00000006d1300000|  0%| F|  |TS  0|AC  0|TAMS 0x00000006d1200000, 0x00000006d1200000|
| 173|0x00000006d1300000, 0x00000006d1300000, 0x00000006d1400000|  0%| F|  |TS  0|AC  0|TAMS 0x00000006d1300000, 0x00000006d1300000|
| 174|0x00000006d1400000, 0x00000006d1400000, 0x00000006d1500000|  0%| F|  |TS  0|AC  0|TAMS 0x00000006d1400000, 0x00000006d1400000|
| 175|0x00000006d1500000, 0x00000006d1500000, 0x00000006d1600000|  0%| F|  |TS  0|AC  0|TAMS 0x00000006d1500000, 0x00000006d1500000|
| 176|0x00000006d1600000, 0x00000006d1600000, 0x00000006d1700000|  0%| F|  |TS  0|AC  0|TAMS 0x00000006d1600000, 0x00000006d1600000|
| 177|0x00000006d1700000, 0x00000006d1700000, 0x00000006d1800000|  0%| F|  |TS  0|AC  0|TAMS 0x00000006d1700000, 0x00000006d1700000|
| 178|0x00000006d1800000, 0x00000006d1800000, 0x00000006d1900000|  0%| F|  |TS  0|AC  0|TAMS 0x00000006d1800000, 0x00000006d1800000|
| 179|0x00000006d1900000, 0x00000006d1900000, 0x00000006d1a00000|  0%| F|  |TS  0|AC  0|TAMS 0x00000006d1900000, 0x00000006d1900000|
| 180|0x00000006d1a00000, 0x00000006d1a00000, 0x00000006d1b00000|  0%| F|  |TS  0|AC  0|TAMS 0x00000006d1a00000, 0x00000006d1a00000|
| 181|0x00000006d1b00000, 0x00000006d1b00000, 0x00000006d1c00000|  0%| F|  |TS  0|AC  0|TAMS 0x00000006d1b00000, 0x00000006d1b00000|
| 182|0x00000006d1c00000, 0x00000006d1c00000, 0x00000006d1d00000|  0%| F|  |TS  0|AC  0|TAMS 0x00000006d1c00000, 0x00000006d1c00000|
| 183|0x00000006d1d00000, 0x00000006d1d00000, 0x00000006d1e00000|  0%| F|  |TS  0|AC  0|TAMS 0x00000006d1d00000, 0x00000006d1d00000|
| 184|0x00000006d1e00000, 0x00000006d1e00000, 0x00000006d1f00000|  0%| F|  |TS  0|AC  0|TAMS 0x00000006d1e00000, 0x00000006d1e00000|
| 185|0x00000006d1f00000, 0x00000006d1f00000, 0x00000006d2000000|  0%| F|  |TS  0|AC  0|TAMS 0x00000006d1f00000, 0x00000006d1f00000|
| 186|0x00000006d2000000, 0x00000006d2000000, 0x00000006d2100000|  0%| F|  |TS  0|AC  0|TAMS 0x00000006d2000000, 0x00000006d2000000|
| 187|0x00000006d2100000, 0x00000006d2100000, 0x00000006d2200000|  0%| F|  |TS  0|AC  0|TAMS 0x00000006d2100000, 0x00000006d2100000|
| 188|0x00000006d2200000, 0x00000006d2200000, 0x00000006d2300000|  0%| F|  |TS  0|AC  0|TAMS 0x00000006d2200000, 0x00000006d2200000|
| 189|0x00000006d2300000, 0x00000006d2300000, 0x00000006d2400000|  0%| F|  |TS  0|AC  0|TAMS 0x00000006d2300000, 0x00000006d2300000|
| 190|0x00000006d2400000, 0x00000006d2400000, 0x00000006d2500000|  0%| F|  |TS  0|AC  0|TAMS 0x00000006d2400000, 0x00000006d2400000|
| 191|0x00000006d2500000, 0x00000006d2500000, 0x00000006d2600000|  0%| F|  |TS  0|AC  0|TAMS 0x00000006d2500000, 0x00000006d2500000|
| 192|0x00000006d2600000, 0x00000006d2600000, 0x00000006d2700000|  0%| F|  |TS  0|AC  0|TAMS 0x00000006d2600000, 0x00000006d2600000|
| 193|0x00000006d2700000, 0x00000006d2700000, 0x00000006d2800000|  0%| F|  |TS  0|AC  0|TAMS 0x00000006d2700000, 0x00000006d2700000|
| 194|0x00000006d2800000, 0x00000006d2800000, 0x00000006d2900000|  0%| F|  |TS  0|AC  0|TAMS 0x00000006d2800000, 0x00000006d2800000|
| 195|0x00000006d2900000, 0x00000006d2900000, 0x00000006d2a00000|  0%| F|  |TS  0|AC  0|TAMS 0x00000006d2900000, 0x00000006d2900000|
| 196|0x00000006d2a00000, 0x00000006d2a00000, 0x00000006d2b00000|  0%| F|  |TS  0|AC  0|TAMS 0x00000006d2a00000, 0x00000006d2a00000|
| 197|0x00000006d2b00000, 0x00000006d2b00000, 0x00000006d2c00000|  0%| F|  |TS  0|AC  0|TAMS 0x00000006d2b00000, 0x00000006d2b00000|
| 198|0x00000006d2c00000, 0x00000006d2c00000, 0x00000006d2d00000|  0%| F|  |TS  0|AC  0|TAMS 0x00000006d2c00000, 0x00000006d2c00000|
| 199|0x00000006d2d00000, 0x00000006d2d00000, 0x00000006d2e00000|  0%| F|  |TS  0|AC  0|TAMS 0x00000006d2d00000, 0x00000006d2d00000|
| 200|0x00000006d2e00000, 0x00000006d2e00000, 0x00000006d2f00000|  0%| F|  |TS  0|AC  0|TAMS 0x00000006d2e00000, 0x00000006d2e00000|
| 201|0x00000006d2f00000, 0x00000006d2f00000, 0x00000006d3000000|  0%| F|  |TS  0|AC  0|TAMS 0x00000006d2f00000, 0x00000006d2f00000|
| 202|0x00000006d3000000, 0x00000006d3000000, 0x00000006d3100000|  0%| F|  |TS  0|AC  0|TAMS 0x00000006d3000000, 0x00000006d3000000|
| 203|0x00000006d3100000, 0x00000006d3100000, 0x00000006d3200000|  0%| F|  |TS  0|AC  0|TAMS 0x00000006d3100000, 0x00000006d3100000|
| 204|0x00000006d3200000, 0x00000006d3200000, 0x00000006d3300000|  0%| F|  |TS  0|AC  0|TAMS 0x00000006d3200000, 0x00000006d3200000|
| 205|0x00000006d3300000, 0x00000006d3300000, 0x00000006d3400000|  0%| F|  |TS  0|AC  0|TAMS 0x00000006d3300000, 0x00000006d3300000|
| 206|0x00000006d3400000, 0x00000006d3400000, 0x00000006d3500000|  0%| F|  |TS  0|AC  0|TAMS 0x00000006d3400000, 0x00000006d3400000|
| 207|0x00000006d3500000, 0x00000006d3500000, 0x00000006d3600000|  0%| F|  |TS  0|AC  0|TAMS 0x00000006d3500000, 0x00000006d3500000|
| 208|0x00000006d3600000, 0x00000006d3600000, 0x00000006d3700000|  0%| F|  |TS  0|AC  0|TAMS 0x00000006d3600000, 0x00000006d3600000|
| 209|0x00000006d3700000, 0x00000006d3700000, 0x00000006d3800000|  0%| F|  |TS  0|AC  0|TAMS 0x00000006d3700000, 0x00000006d3700000|
| 210|0x00000006d3800000, 0x00000006d3800000, 0x00000006d3900000|  0%| F|  |TS  0|AC  0|TAMS 0x00000006d3800000, 0x00000006d3800000|
| 211|0x00000006d3900000, 0x00000006d3900000, 0x00000006d3a00000|  0%| F|  |TS  0|AC  0|TAMS 0x00000006d3900000, 0x00000006d3900000|
| 212|0x00000006d3a00000, 0x00000006d3a00000, 0x00000006d3b00000|  0%| F|  |TS  0|AC  0|TAMS 0x00000006d3a00000, 0x00000006d3a00000|
| 213|0x00000006d3b00000, 0x00000006d3b00000, 0x00000006d3c00000|  0%| F|  |TS  0|AC  0|TAMS 0x00000006d3b00000, 0x00000006d3b00000|
| 214|0x00000006d3c00000, 0x00000006d3c00000, 0x00000006d3d00000|  0%| F|  |TS  0|AC  0|TAMS 0x00000006d3c00000, 0x00000006d3c00000|
| 215|0x00000006d3d00000, 0x00000006d3d00000, 0x00000006d3e00000|  0%| F|  |TS  0|AC  0|TAMS 0x00000006d3d00000, 0x00000006d3d00000|
| 216|0x00000006d3e00000, 0x00000006d3e00000, 0x00000006d3f00000|  0%| F|  |TS  0|AC  0|TAMS 0x00000006d3e00000, 0x00000006d3e00000|
| 217|0x00000006d3f00000, 0x00000006d3f12070, 0x00000006d4000000|  7%| S|CS|TS  0|AC  0|TAMS 0x00000006d3f00000, 0x00000006d3f00000|
| 218|0x00000006d4000000, 0x00000006d4100000, 0x00000006d4100000|100%| S|CS|TS  0|AC  0|TAMS 0x00000006d4000000, 0x00000006d4000000|
| 219|0x00000006d4100000, 0x00000006d4200000, 0x00000006d4200000|100%| S|CS|TS  0|AC  0|TAMS 0x00000006d4100000, 0x00000006d4100000|
| 220|0x00000006d4200000, 0x00000006d4300000, 0x00000006d4300000|100%| S|CS|TS  0|AC  0|TAMS 0x00000006d4200000, 0x00000006d4200000|
| 221|0x00000006d4300000, 0x00000006d4400000, 0x00000006d4400000|100%| S|CS|TS  0|AC  0|TAMS 0x00000006d4300000, 0x00000006d4300000|
| 222|0x00000006d4400000, 0x00000006d4500000, 0x00000006d4500000|100%| S|CS|TS  0|AC  0|TAMS 0x00000006d4400000, 0x00000006d4400000|
| 223|0x00000006d4500000, 0x00000006d4500000, 0x00000006d4600000|  0%| F|  |TS  0|AC  0|TAMS 0x00000006d4500000, 0x00000006d4500000|
| 224|0x00000006d4600000, 0x00000006d4600000, 0x00000006d4700000|  0%| F|  |TS  0|AC  0|TAMS 0x00000006d4600000, 0x00000006d4600000|
| 225|0x00000006d4700000, 0x00000006d4780800, 0x00000006d4800000| 50%| E|  |TS  0|AC  0|TAMS 0x00000006d4700000, 0x00000006d4700000|
| 226|0x00000006d4800000, 0x00000006d4900000, 0x00000006d4900000|100%| E|CS|TS  0|AC  0|TAMS 0x00000006d4800000, 0x00000006d4800000|
| 227|0x00000006d4900000, 0x00000006d4a00000, 0x00000006d4a00000|100%| E|CS|TS  0|AC  0|TAMS 0x00000006d4900000, 0x00000006d4900000|
| 228|0x00000006d4a00000, 0x00000006d4b00000, 0x00000006d4b00000|100%| E|CS|TS  0|AC  0|TAMS 0x00000006d4a00000, 0x00000006d4a00000|
| 229|0x00000006d4b00000, 0x00000006d4c00000, 0x00000006d4c00000|100%| E|CS|TS  0|AC  0|TAMS 0x00000006d4b00000, 0x00000006d4b00000|
| 230|0x00000006d4c00000, 0x00000006d4d00000, 0x00000006d4d00000|100%| E|CS|TS  0|AC  0|TAMS 0x00000006d4c00000, 0x00000006d4c00000|
| 231|0x00000006d4d00000, 0x00000006d4e00000, 0x00000006d4e00000|100%| E|CS|TS  0|AC  0|TAMS 0x00000006d4d00000, 0x00000006d4d00000|
| 232|0x00000006d4e00000, 0x00000006d4f00000, 0x00000006d4f00000|100%| E|CS|TS  0|AC  0|TAMS 0x00000006d4e00000, 0x00000006d4e00000|
| 233|0x00000006d4f00000, 0x00000006d5000000, 0x00000006d5000000|100%| E|CS|TS  0|AC  0|TAMS 0x00000006d4f00000, 0x00000006d4f00000|
| 234|0x00000006d5000000, 0x00000006d5100000, 0x00000006d5100000|100%| E|CS|TS  0|AC  0|TAMS 0x00000006d5000000, 0x00000006d5000000|
| 235|0x00000006d5100000, 0x00000006d5200000, 0x00000006d5200000|100%| E|CS|TS  0|AC  0|TAMS 0x00000006d5100000, 0x00000006d5100000|
| 236|0x00000006d5200000, 0x00000006d5300000, 0x00000006d5300000|100%| E|CS|TS  0|AC  0|TAMS 0x00000006d5200000, 0x00000006d5200000|
| 237|0x00000006d5300000, 0x00000006d5400000, 0x00000006d5400000|100%| E|CS|TS  0|AC  0|TAMS 0x00000006d5300000, 0x00000006d5300000|
| 238|0x00000006d5400000, 0x00000006d5500000, 0x00000006d5500000|100%| E|CS|TS  0|AC  0|TAMS 0x00000006d5400000, 0x00000006d5400000|
| 239|0x00000006d5500000, 0x00000006d5600000, 0x00000006d5600000|100%| E|CS|TS  0|AC  0|TAMS 0x00000006d5500000, 0x00000006d5500000|
| 240|0x00000006d5600000, 0x00000006d5700000, 0x00000006d5700000|100%| E|CS|TS  0|AC  0|TAMS 0x00000006d5600000, 0x00000006d5600000|
| 241|0x00000006d5700000, 0x00000006d5800000, 0x00000006d5800000|100%| E|CS|TS  0|AC  0|TAMS 0x00000006d5700000, 0x00000006d5700000|
| 242|0x00000006d5800000, 0x00000006d5900000, 0x00000006d5900000|100%| E|CS|TS  0|AC  0|TAMS 0x00000006d5800000, 0x00000006d5800000|
| 243|0x00000006d5900000, 0x00000006d5a00000, 0x00000006d5a00000|100%| E|CS|TS  0|AC  0|TAMS 0x00000006d5900000, 0x00000006d5900000|
| 244|0x00000006d5a00000, 0x00000006d5b00000, 0x00000006d5b00000|100%| E|CS|TS  0|AC  0|TAMS 0x00000006d5a00000, 0x00000006d5a00000|
| 245|0x00000006d5b00000, 0x00000006d5c00000, 0x00000006d5c00000|100%| E|CS|TS  0|AC  0|TAMS 0x00000006d5b00000, 0x00000006d5b00000|
| 246|0x00000006d5c00000, 0x00000006d5d00000, 0x00000006d5d00000|100%| E|CS|TS  0|AC  0|TAMS 0x00000006d5c00000, 0x00000006d5c00000|
| 247|0x00000006d5d00000, 0x00000006d5e00000, 0x00000006d5e00000|100%| E|CS|TS  0|AC  0|TAMS 0x00000006d5d00000, 0x00000006d5d00000|
| 248|0x00000006d5e00000, 0x00000006d5f00000, 0x00000006d5f00000|100%| E|CS|TS  0|AC  0|TAMS 0x00000006d5e00000, 0x00000006d5e00000|
| 249|0x00000006d5f00000, 0x00000006d6000000, 0x00000006d6000000|100%| E|CS|TS  0|AC  0|TAMS 0x00000006d5f00000, 0x00000006d5f00000|

Card table byte_map: [0x000001e2fb5f0000,0x000001e2fbdc0000] byte_map_base: 0x000001e2f7fbd000

Marking Bits (Prev, Next): (CMBitMap*) 0x000001e2edcb8168, (CMBitMap*) 0x000001e2edcb8130
 Prev Bits: [0x000001e292e70000, 0x000001e296cd8000)
 Next Bits: [0x000001e28f000000, 0x000001e292e68000)

Polling page: 0x000001e2edda0000

CodeHeap 'non-profiled nmethods': size=120000Kb used=1004Kb max_used=1004Kb free=118995Kb
 bounds [0x000001e287ad0000, 0x000001e287d40000, 0x000001e28f000000]
CodeHeap 'profiled nmethods': size=120000Kb used=4695Kb max_used=4695Kb free=115304Kb
 bounds [0x000001e2805a0000, 0x000001e280a40000, 0x000001e287ad0000]
CodeHeap 'non-nmethods': size=5760Kb used=1292Kb max_used=1310Kb free=4467Kb
 bounds [0x000001e280000000, 0x000001e280270000, 0x000001e2805a0000]
 total_blobs=3258 nmethods=2201 adapters=391
 compilation: enabled

Compilation events (10 events):
Event: 12.991 Thread 0x000001e2ffa7a000 2189       3       java.util.regex.Pattern$CharProperty::<init> (10 bytes)
Event: 12.991 Thread 0x000001e2ffa7a000 nmethod 2189 0x000001e280a2f890 code [0x000001e280a2fa60, 0x000001e280a2fd58]
Event: 12.993 Thread 0x000001e2ffa7a000 2190       3       java.util.concurrent.ConcurrentHashMap::tableSizeFor (59 bytes)
Event: 12.993 Thread 0x000001e2ffa7a000 nmethod 2190 0x000001e280a2fe10 code [0x000001e280a2ffc0, 0x000001e280a301d8]
Event: 12.993 Thread 0x000001e2ffa7a000 2192       3       java.util.regex.Pattern$Node::study (21 bytes)
Event: 12.993 Thread 0x000001e2ffa7a000 nmethod 2192 0x000001e280a30290 code [0x000001e280a30440, 0x000001e280a306b0]
Event: 12.993 Thread 0x000001e2ffa7a000 2191       3       org.testng.collections.Lists::newArrayList (8 bytes)
Event: 12.994 Thread 0x000001e2ffa7a000 nmethod 2191 0x000001e280a30790 code [0x000001e280a30960, 0x000001e280a30cd8]
Event: 12.994 Thread 0x000001e2ffa7a000 2193       3       java.util.concurrent.ConcurrentHashMap::<init> (44 bytes)
Event: 12.994 Thread 0x000001e2ffa7a000 nmethod 2193 0x000001e280a30e10 code [0x000001e280a31000, 0x000001e280a313c0]

GC Heap History (6 events):
Event: 1.120 GC heap before
{Heap before GC invocations=0 (full 0):
 garbage-first heap   total 256000K, used 24576K [0x00000006c6600000, 0x00000006c67007d0, 0x00000007c0000000)
  region size 1024K, 24 young (24576K), 0 survivors (0K)
 Metaspace       used 13624K, capacity 13958K, committed 14080K, reserved 1062912K
  class space    used 1408K, capacity 1471K, committed 1536K, reserved 1048576K
}
Event: 1.127 GC heap after
{Heap after GC invocations=1 (full 0):
 garbage-first heap   total 256000K, used 7158K [0x00000006c6600000, 0x00000006c67007d0, 0x00000007c0000000)
  region size 1024K, 3 young (3072K), 3 survivors (3072K)
 Metaspace       used 13624K, capacity 13958K, committed 14080K, reserved 1062912K
  class space    used 1408K, capacity 1471K, committed 1536K, reserved 1048576K
}
Event: 1.416 GC heap before
{Heap before GC invocations=1 (full 0):
 garbage-first heap   total 256000K, used 27638K [0x00000006c6600000, 0x00000006c67007d0, 0x00000007c0000000)
  region size 1024K, 23 young (23552K), 3 survivors (3072K)
 Metaspace       used 15573K, capacity 15974K, committed 16256K, reserved 1062912K
  class space    used 1802K, capacity 1861K, committed 1920K, reserved 1048576K
}
Event: 1.421 GC heap after
{Heap after GC invocations=2 (full 0):
 garbage-first heap   total 256000K, used 9227K [0x00000006c6600000, 0x00000006c67007d0, 0x00000007c0000000)
  region size 1024K, 3 young (3072K), 3 survivors (3072K)
 Metaspace       used 15573K, capacity 15974K, committed 16256K, reserved 1062912K
  class space    used 1802K, capacity 1861K, committed 1920K, reserved 1048576K
}
Event: 1.889 GC heap before
{Heap before GC invocations=2 (full 0):
 garbage-first heap   total 256000K, used 32779K [0x00000006c6600000, 0x00000006c67007d0, 0x00000007c0000000)
  region size 1024K, 27 young (27648K), 3 survivors (3072K)
 Metaspace       used 20575K, capacity 21118K, committed 21296K, reserved 1069056K
  class space    used 2427K, capacity 2563K, committed 2608K, reserved 1048576K
}
Event: 1.894 GC heap after
{Heap after GC invocations=3 (full 0):
 garbage-first heap   total 256000K, used 12281K [0x00000006c6600000, 0x00000006c67007d0, 0x00000007c0000000)
  region size 1024K, 6 young (6144K), 6 survivors (6144K)
 Metaspace       used 20575K, capacity 21118K, committed 21296K, reserved 1069056K
  class space    used 2427K, capacity 2563K, committed 2608K, reserved 1048576K
}

Deoptimization events (10 events):
Event: 2.015 Thread 0x000001e297ce0000 Uncommon trap: reason=unstable_if action=reinterpret pc=0x000001e287b8cf04 method=java.lang.CharacterDataLatin1.digit(II)I @ 82 c2
Event: 2.526 Thread 0x000001e297ce0000 Uncommon trap: reason=unstable_if action=reinterpret pc=0x000001e287b8d378 method=java.lang.CharacterDataLatin1.digit(II)I @ 82 c2
Event: 12.896 Thread 0x000001e2edc1e000 Uncommon trap: reason=unstable_if action=reinterpret pc=0x000001e287b0c780 method=java.lang.AbstractStringBuilder.putStringAt(ILjava/lang/String;)V @ 8 c2
Event: 12.909 Thread 0x000001e2edc1e000 Uncommon trap: reason=unstable_if action=reinterpret pc=0x000001e287b09080 method=java.lang.String.indexOf(II)I @ 4 c2
Event: 12.916 Thread 0x000001e2edc1e000 Uncommon trap: reason=unstable_if action=reinterpret pc=0x000001e287ae25a8 method=java.lang.String.equals(Ljava/lang/Object;)Z @ 27 c2
Event: 12.940 Thread 0x000001e2edc1e000 Uncommon trap: reason=unstable_if action=reinterpret pc=0x000001e287ae6560 method=java.lang.CharacterData.of(I)Ljava/lang/CharacterData; @ 4 c2
Event: 12.964 Thread 0x000001e2edc1e000 Uncommon trap: reason=class_check action=maybe_recompile pc=0x000001e287bc1ec8 method=java.util.regex.Pattern$CharProperty.match(Ljava/util/regex/Matcher;ILjava/lang/CharSequence;)Z @ 21 c2
Event: 12.964 Thread 0x000001e2edc1e000 Uncommon trap: reason=class_check action=maybe_recompile pc=0x000001e287bc1ec8 method=java.util.regex.Pattern$CharProperty.match(Ljava/util/regex/Matcher;ILjava/lang/CharSequence;)Z @ 21 c2
Event: 12.964 Thread 0x000001e2edc1e000 Uncommon trap: reason=class_check action=maybe_recompile pc=0x000001e287bc1ec8 method=java.util.regex.Pattern$CharProperty.match(Ljava/util/regex/Matcher;ILjava/lang/CharSequence;)Z @ 21 c2
Event: 12.964 Thread 0x000001e2edc1e000 Uncommon trap: reason=class_check action=maybe_recompile pc=0x000001e287bc1ec8 method=java.util.regex.Pattern$CharProperty.match(Ljava/util/regex/Matcher;ILjava/lang/CharSequence;)Z @ 21 c2

Classes redefined (0 events):
No events

Internal exceptions (10 events):
Event: 2.629 Thread 0x000001e2edc1e000 Exception <a 'java/lang/NoSuchMethodError'{0x00000006d54558a0}: java.lang.invoke.DirectMethodHandle$Holder.invokeStatic(Ljava/lang/Object;Ljava/lang/Object;Ljava/lang/Object;)V> (0x00000006d54558a0) thrown at [t:/workspace/hotspot/src/share/vm/interpreter
Event: 2.700 Thread 0x000001e2edc1e000 Exception <a 'java/lang/NoSuchMethodError'{0x00000006d535ec58}: java.lang.invoke.DirectMethodHandle$Holder.invokeStatic(Ljava/lang/Object;Ljava/lang/Object;Ljava/lang/Object;Ljava/lang/Object;Ljava/lang/Object;Ljava/lang/Object;)V> (0x00000006d535ec58) th
Event: 2.706 Thread 0x000001e2edc1e000 Exception <a 'java/lang/NoSuchMethodError'{0x00000006d5382288}: java.lang.invoke.DirectMethodHandle$Holder.invokeStatic(Ljava/lang/Object;Ljava/lang/Object;Ljava/lang/Object;Ljava/lang/Object;Ljava/lang/Object;)V> (0x00000006d5382288) thrown at [t:/worksp
Event: 2.847 Thread 0x000001e2edc1e000 Exception <a 'java/lang/NoSuchMethodError'{0x00000006d4fe9d18}: java.lang.invoke.DirectMethodHandle$Holder.invokeSpecial(Ljava/lang/Object;Ljava/lang/Object;Ljava/lang/Object;Ljava/lang/Object;)V> (0x00000006d4fe9d18) thrown at [t:/workspace/hotspot/src/s
Event: 2.849 Thread 0x000001e2edc1e000 Exception <a 'java/lang/NoSuchMethodError'{0x00000006d4ff9a70}: java.lang.invoke.DirectMethodHandle$Holder.invokeStatic(Ljava/lang/Object;Ljava/lang/Object;Ljava/lang/Object;Ljava/lang/Object;)V> (0x00000006d4ff9a70) thrown at [t:/workspace/hotspot/src/sh
Event: 12.886 Thread 0x000001e2edc1e000 Exception <a 'java/net/SocketTimeoutException'{0x00000006d4d9ef90}: Read timed out> (0x00000006d4d9ef90) thrown at [t:/workspace/hotspot/src/share/vm/prims/jni.cpp, line 625]
Event: 12.888 Thread 0x000001e2edc1e000 Exception <a 'java/lang/ClassNotFoundException'{0x00000006d4dba350}: sun/misc/SharedSecrets> (0x00000006d4dba350) thrown at [t:/workspace/hotspot/src/share/vm/classfile/systemDictionary.cpp, line 218]
Event: 12.892 Thread 0x000001e2edc1e000 Exception <a 'java/lang/reflect/InvocationTargetException'{0x00000006d4dbb190}> (0x00000006d4dbb190) thrown at [t:/workspace/hotspot/src/share/vm/runtime/reflection.cpp, line 1213]
Event: 12.899 Thread 0x000001e2edc1e000 Exception <a 'java/lang/reflect/InvocationTargetException'{0x00000006d4df5070}> (0x00000006d4df5070) thrown at [t:/workspace/hotspot/src/share/vm/runtime/reflection.cpp, line 1213]
Event: 12.937 Thread 0x000001e2edc1e000 Exception <a 'java/lang/NoSuchMethodError'{0x00000006d4be6be0}: java.lang.Object.lambda$and$0(Ljava/util/regex/Pattern$CharPredicate;I)Z> (0x00000006d4be6be0) thrown at [t:/workspace/hotspot/src/share/vm/interpreter/linkResolver.cpp, line 731]

Events (10 events):
Event: 12.989 loading class org/testng/reporters/jq/NavigatorPanel
Event: 12.989 loading class org/testng/reporters/jq/NavigatorPanel done
Event: 12.989 loading class org/testng/reporters/jq/NavigatorPanel$IResultProvider
Event: 12.989 loading class org/testng/reporters/jq/NavigatorPanel$IResultProvider done
Event: 12.991 loading class org/testng/reporters/jq/NavigatorPanel$ResultsByStatus
Event: 12.991 loading class org/testng/reporters/jq/NavigatorPanel$ResultsByStatus done
Event: 12.992 loading class org/testng/reporters/jq/NavigatorPanel$BaseResultProvider
Event: 12.992 loading class org/testng/reporters/jq/NavigatorPanel$BaseResultProvider done
Event: 12.994 loading class org/testng/reporters/jq/SuitePanel
Event: 12.994 loading class org/testng/reporters/jq/SuitePanel done


Dynamic libraries:
0x00007ff74e1f0000 - 0x00007ff74e22e000 	C:\Program Files\Java\jdk-9.0.4\bin\javaw.exe
0x00007ffbb08c0000 - 0x00007ffbb0aa1000 	C:\WINDOWS\SYSTEM32\ntdll.dll
0x00007ffbaff30000 - 0x00007ffbaffe2000 	C:\WINDOWS\System32\KERNEL32.DLL
0x00007ffbacfd0000 - 0x00007ffbad243000 	C:\WINDOWS\System32\KERNELBASE.dll
0x00007ffbb0060000 - 0x00007ffbb0101000 	C:\WINDOWS\System32\ADVAPI32.dll
0x00007ffbb07f0000 - 0x00007ffbb088e000 	C:\WINDOWS\System32\msvcrt.dll
0x00007ffbae8f0000 - 0x00007ffbae94b000 	C:\WINDOWS\System32\sechost.dll
0x00007ffbae7c0000 - 0x00007ffbae8e4000 	C:\WINDOWS\System32\RPCRT4.dll
0x00007ffbae4c0000 - 0x00007ffbae650000 	C:\WINDOWS\System32\USER32.dll
0x00007ffbad380000 - 0x00007ffbad3a0000 	C:\WINDOWS\System32\win32u.dll
0x00007ffbadfa0000 - 0x00007ffbadfc8000 	C:\WINDOWS\System32\GDI32.dll
0x00007ffbad3a0000 - 0x00007ffbad532000 	C:\WINDOWS\System32\gdi32full.dll
0x00007ffbacd40000 - 0x00007ffbacddf000 	C:\WINDOWS\System32\msvcp_win.dll
0x00007ffbadc50000 - 0x00007ffbadd4a000 	C:\WINDOWS\System32\ucrtbase.dll
0x00007ffb9e3e0000 - 0x00007ffb9e649000 	C:\WINDOWS\WinSxS\amd64_microsoft.windows.common-controls_6595b64144ccf1df_6.0.17134.345_none_fb429a5930656358\COMCTL32.dll
0x00007ffba27a0000 - 0x00007ffba27aa000 	C:\WINDOWS\SYSTEM32\VERSION.dll
0x00007ffbadfd0000 - 0x00007ffbae2f3000 	C:\WINDOWS\System32\combase.dll
0x00007ffbad250000 - 0x00007ffbad2ca000 	C:\WINDOWS\System32\bcryptPrimitives.dll
0x00007ffbae730000 - 0x00007ffbae75d000 	C:\WINDOWS\System32\IMM32.DLL
0x00007ffb70da0000 - 0x00007ffb70e8f000 	C:\Program Files\Java\jdk-9.0.4\bin\msvcr120.dll
0x00007ffb71980000 - 0x00007ffb71a26000 	C:\Program Files\Java\jdk-9.0.4\bin\msvcp120.dll
0x0000000070190000 - 0x0000000070bb5000 	C:\Program Files\Java\jdk-9.0.4\bin\server\jvm.dll
0x00007ffbb0050000 - 0x00007ffbb0058000 	C:\WINDOWS\System32\PSAPI.DLL
0x00007ffba8620000 - 0x00007ffba8643000 	C:\WINDOWS\SYSTEM32\WINMM.dll
0x00007ffbab7e0000 - 0x00007ffbab7e9000 	C:\WINDOWS\SYSTEM32\WSOCK32.dll
0x00007ffbae3f0000 - 0x00007ffbae45c000 	C:\WINDOWS\System32\WS2_32.dll
0x00007ffba85e0000 - 0x00007ffba860a000 	C:\WINDOWS\SYSTEM32\WINMMBASE.dll
0x00007ffbad330000 - 0x00007ffbad379000 	C:\WINDOWS\System32\cfgmgr32.dll
0x00007ffba8c90000 - 0x00007ffba8c9f000 	C:\Program Files\Java\jdk-9.0.4\bin\verify.dll
0x00007ffb9eb10000 - 0x00007ffb9eb37000 	C:\Program Files\Java\jdk-9.0.4\bin\java.dll
0x00007ffba5580000 - 0x00007ffba5596000 	C:\Program Files\Java\jdk-9.0.4\bin\zip.dll
0x00007ffba7b50000 - 0x00007ffba7b5a000 	C:\Program Files\Java\jdk-9.0.4\bin\jimage.dll
0x00007ffbaeaf0000 - 0x00007ffbaff2f000 	C:\WINDOWS\System32\SHELL32.dll
0x00007ffbadd50000 - 0x00007ffbaddf9000 	C:\WINDOWS\System32\shcore.dll
0x00007ffbad540000 - 0x00007ffbadc4d000 	C:\WINDOWS\System32\windows.storage.dll
0x00007ffbafff0000 - 0x00007ffbb0041000 	C:\WINDOWS\System32\shlwapi.dll
0x00007ffbacc70000 - 0x00007ffbacc81000 	C:\WINDOWS\System32\kernel.appcore.dll
0x00007ffbacc50000 - 0x00007ffbacc6f000 	C:\WINDOWS\System32\profapi.dll
0x00007ffbacc00000 - 0x00007ffbacc4c000 	C:\WINDOWS\System32\powrprof.dll
0x00007ffbacbf0000 - 0x00007ffbacbfa000 	C:\WINDOWS\System32\FLTLIB.DLL
0x00007ffb9eaf0000 - 0x00007ffb9eb0a000 	C:\Program Files\Java\jdk-9.0.4\bin\net.dll
0x00007ffb9fd40000 - 0x00007ffb9fe1c000 	C:\WINDOWS\SYSTEM32\WINHTTP.dll
0x00007ffbac450000 - 0x00007ffbac4b6000 	C:\WINDOWS\system32\mswsock.dll
0x00007ffb9eaa0000 - 0x00007ffb9eab1000 	C:\Program Files\Java\jdk-9.0.4\bin\nio.dll
0x00007ffbac210000 - 0x00007ffbac2ce000 	C:\WINDOWS\SYSTEM32\DNSAPI.dll
0x00007ffbb0390000 - 0x00007ffbb0398000 	C:\WINDOWS\System32\NSI.dll
0x00007ffbac1d0000 - 0x00007ffbac208000 	C:\WINDOWS\SYSTEM32\IPHLPAPI.DLL
0x00000000717c0000 - 0x00000000717e6000 	C:\Program Files\Bonjour\mdnsNSP.dll
0x00007ffb9fa70000 - 0x00007ffb9fa7a000 	C:\Windows\System32\rasadhlp.dll
0x00007ffba8110000 - 0x00007ffba8182000 	C:\WINDOWS\System32\fwpuclnt.dll
0x00007ffbac730000 - 0x00007ffbac755000 	C:\WINDOWS\SYSTEM32\bcrypt.dll
0x00007ffbac600000 - 0x00007ffbac617000 	C:\WINDOWS\SYSTEM32\CRYPTSP.dll
0x00007ffbac030000 - 0x00007ffbac063000 	C:\WINDOWS\system32\rsaenh.dll
0x00007ffbacb00000 - 0x00007ffbacb28000 	C:\WINDOWS\SYSTEM32\USERENV.dll
0x00007ffbac620000 - 0x00007ffbac62b000 	C:\WINDOWS\SYSTEM32\CRYPTBASE.dll
0x00007ffba7ad0000 - 0x00007ffba7ae6000 	C:\WINDOWS\SYSTEM32\dhcpcsvc6.DLL
0x00007ffba21d0000 - 0x00007ffba21ea000 	C:\WINDOWS\SYSTEM32\dhcpcsvc.DLL
0x00007ffba78e0000 - 0x00007ffba78eb000 	C:\Program Files\Java\jdk-9.0.4\bin\sunmscapi.dll
0x00007ffbacde0000 - 0x00007ffbacfc2000 	C:\WINDOWS\System32\CRYPT32.dll
0x00007ffbacbd0000 - 0x00007ffbacbe2000 	C:\WINDOWS\System32\MSASN1.dll
0x00007ffb9bbe0000 - 0x00007ffb9bc03000 	C:\Program Files\Java\jdk-9.0.4\bin\sunec.dll
0x00007ffb83df0000 - 0x00007ffb83e06000 	C:\WINDOWS\system32\napinsp.dll
0x00007ffb83db0000 - 0x00007ffb83dca000 	C:\WINDOWS\system32\pnrpnsp.dll
0x00007ffba8c20000 - 0x00007ffba8c39000 	C:\WINDOWS\system32\NLAapi.dll
0x00007ffb83da0000 - 0x00007ffb83dae000 	C:\WINDOWS\System32\winrnr.dll
0x00007ffba6680000 - 0x00007ffba6695000 	C:\WINDOWS\System32\wshbth.dll

VM Arguments:
jvm_args: -ea -Dfile.encoding=Cp1252 
java_command: org.testng.remote.RemoteTestNG -serport 44404 -protocol json -d C:\Users\kam\eclipse-workspace-1\PageObject_DataDriven_BDD_Speach\test-output C:\Users\kam\AppData\Local\Temp\testng-eclipse--1303013802\testng-customsuite.xml
java_class_path (initial): C:\Users\kam\eclipse\java-oxygen\eclipse\configuration\org.eclipse.osgi\550\0\.cp\lib\testng-remote.jar;C:\Users\kam\eclipse-workspace-1\PageObject_DataDriven_BDD_Speach\target\test-classes;C:\Users\kam\eclipse-workspace-1\PageObject_DataDriven_BDD_Speach\target\classes;C:\Users\kam\.p2\pool\plugins\org.testng_6.14.2.r201802161450.jar;C:\Users\kam\.p2\pool\plugins\com.beust.jcommander_1.72.0.jar;C:\Users\kam\.p2\pool\plugins\org.apache-extras.beanshell.bsh_2.0.0.b6.jar;C:\Users\kam\.p2\pool\plugins\org.yaml.snakeyaml_1.17.0.jar;C:\Users\kam\.m2\repository\org\seleniumhq\selenium\selenium-java\3.9.0\selenium-java-3.9.0.jar;C:\Users\kam\.m2\repository\org\seleniumhq\selenium\selenium-api\3.9.0\selenium-api-3.9.0.jar;C:\Users\kam\.m2\repository\org\seleniumhq\selenium\selenium-chrome-driver\3.9.0\selenium-chrome-driver-3.9.0.jar;C:\Users\kam\.m2\repository\org\seleniumhq\selenium\selenium-edge-driver\3.9.0\selenium-edge-driver-3.9.0.jar;C:\Users\kam\.m2\repository\org\seleniumhq\selenium\selenium-firefox-driver\3.9.0\selenium-firefox-driver-3.9.0.jar;C:\Users\kam\.m2\repository\org\seleniumhq\selenium\selenium-ie-driver\3.9.0\selenium-ie-driver-3.9.0.jar;C:\Users\kam\.m2\repository\org\seleniumhq\selenium\selenium-opera-driver\3.9.0\selenium-opera-driver-3.9.0.jar;C:\Users\kam\.m2\repository\org\seleniumhq\selenium\selenium-remote-driver\3.9.0\selenium-remote-driver-3.9.0.jar;C:\Users\kam\.m2\repository\org\seleniumhq\selenium\selenium-safari-driver\3.9.0\selenium-safari-driver-3.9.0.jar;C:\Users\kam\.m2\repository\org\seleniumhq\selenium\selenium-support\3.9.0\selenium-support-3.9.0.jar;C:\Users\kam\.m2\repository\net\bytebuddy\byte-buddy\1.7.9\byte-buddy-1.7.9.jar;C:\Users\kam\.m2\repository\org\apache\commons\commons-exec\1.3\commons-exec-1.3.jar;C:\Users\kam\.m2\repository\commons-codec\commons-codec\1.10\commons-codec-1.10.jar;C:\Users\kam\.m2\repository\commons-logging\commons-logging\1.2\commons-logging-1.2.jar;C:\Users\kam\.m2\repos
Launcher Type: SUN_STANDARD

Logging:
Log output configuration:
#0: stdout all=warning uptime,level,tags
#1: stderr all=off uptime,level,tags

Environment Variables:
JAVA_HOME=C:\Program Files\Java\jdk1.8.0_162\
PATH=C:/Program Files/Java/jdk1.8.0_162//bin/../jre/bin/server;C:/Program Files/Java/jdk1.8.0_162//bin/../jre/bin;C:/Program Files/Java/jdk1.8.0_162//bin/../jre/lib/amd64;C:\chromedrv;C:\maven\bin\;C:\Ruby23-x64\bin;C:\Users\kam\AppData\Roaming\npm\;C:\Program Files (x86)\Intel\iCLS Client\;C:\Program Files\Intel\iCLS Client\;C:\Program Files\Dell\DW WLAN Card;C:\WINDOWS\system32;C:\WINDOWS;C:\WINDOWS\System32\Wbem;C:\WINDOWS\System32\WindowsPowerShell\v1.0\;C:\Program Files (x86)\Intel\Intel(R) Management Engine Components\DAL;C:\Program Files\Intel\Intel(R) Management Engine Components\DAL;C:\Program Files (x86)\Intel\Intel(R) Management Engine Components\IPT;C:\Program Files\Intel\Intel(R) Management Engine Components\IPT;C:\Program Files (x86)\Microsoft SQL Server\120\Tools\Binn\;C:\Program Files\Microsoft SQL Server\120\Tools\Binn\;C:\Program Files\Microsoft SQL Server\120\DTS\Binn\;C:\Program Files (x86)\Microsoft SQL Server\120\Tools\Binn\ManagementStudio\;C:\Program Files (x86)\Microsoft SQL Server\120\DTS\Binn\;C:\Program Files (x86)\Microsoft SQL Server\110\Tools\Binn\;C:\Program Files\Microsoft SQL Server\110\Tools\Binn\;C:\Program Files\Microsoft SQL Server\110\DTS\Binn\;C:\Program Files (x86)\Microsoft SQL Server\110\DTS\Binn\;C:\Program Files (x86)\Microsoft ASP.NET\ASP.NET Web Pages\v1.0\;C:\Program Files (x86)\Microsoft SQL Server\100\Tools\Binn\;C:\Program Files\Microsoft SQL Server\100\Tools\Binn\;C:\Program Files\Microsoft SQL Server\100\DTS\Binn\;C:\Program Files (x86)\Microsoft SQL Server\100\Tools\Binn\VSShell\Common7\IDE\;C:\Program Files (x86)\Microsoft Visual Studio 9.0\Common7\IDE\PrivateAssemblies\;C:\Program Files (x86)\Microsoft SQL Server\100\DTS\Binn\;C:\Program Files\dotnet\;C:\Program Files\Git\cmd;C:\Program Files\nodejs;C:\Users\kam\AppData\Local\Android\Sdk\platform-tools;C:\Users\kam\AppData\Roaming\npm\webdriver-manager\;C:\Users\kam\AppData\Local\Android\Sdk\platform-tools;C:\Program Files\Java\jdk1.8.0_162\\bin;C:\Program Files (
USERNAME=kam
OS=Windows_NT
PROCESSOR_IDENTIFIER=Intel64 Family 6 Model 94 Stepping 3, GenuineIntel



---------------  S Y S T E M  ---------------

OS: Windows 10 , 64 bit Build 17134 (10.0.17134.1)

CPU:total 8 (initial active 8) (4 cores per cpu, 2 threads per core) family 6 model 94 stepping 3, cmov, cx8, fxsr, mmx, sse, sse2, sse3, ssse3, sse4.1, sse4.2, popcnt, avx, avx2, aes, clmul, erms, rtm, 3dnowpref, lzcnt, ht, tsc, tscinvbit, bmi1, bmi2, adx, fma

Memory: 4k page, physical 16354836k(4152780k free), swap 20549140k(1132k free)

vm_info: Java HotSpot(TM) 64-Bit Server VM (9.0.4+11) for windows-amd64 JRE (9.0.4+11), built on Dec 20 2017 02:18:54 by "mach5one" with MS VC++ 12.0 (VS2013)

END.
